2019-06-20 20:22:15,899 INFO com.silver.bars.order.OrderApplication [restartedMain] Starting OrderApplication on DESKTOP-G2J4167 with PID 16120 (C:\eclipse-workspace\yordex_test\order\target\classes started by Mohit Goel in C:\eclipse-workspace\yordex_test\order)
2019-06-20 20:22:15,903 DEBUG com.silver.bars.order.OrderApplication [restartedMain] Running with Spring Boot v2.1.5.RELEASE, Spring v5.1.7.RELEASE
2019-06-20 20:22:15,907 INFO com.silver.bars.order.OrderApplication [restartedMain] No active profile set, falling back to default profiles: default
2019-06-20 20:22:16,019 INFO org.springframework.boot.devtools.env.DevToolsPropertyDefaultsPostProcessor [restartedMain] Devtools property defaults active! Set 'spring.devtools.add-properties' to 'false' to disable
2019-06-20 20:22:16,023 INFO org.springframework.boot.devtools.env.DevToolsPropertyDefaultsPostProcessor [restartedMain] For additional web related logging consider setting the 'logging.level.web' property to 'DEBUG'
2019-06-20 20:22:21,417 INFO org.springframework.boot.web.embedded.tomcat.TomcatWebServer [restartedMain] Tomcat initialized with port(s): 8083 (http)
2019-06-20 20:22:21,963 INFO org.springframework.web.context.ContextLoader [restartedMain] Root WebApplicationContext: initialization completed in 5940 ms
2019-06-20 20:22:24,286 INFO org.springframework.scheduling.concurrent.ThreadPoolTaskExecutor [restartedMain] Initializing ExecutorService 'applicationTaskExecutor'
2019-06-20 20:22:24,382 INFO org.springframework.boot.devtools.autoconfigure.OptionalLiveReloadServer [restartedMain] LiveReload server is running on port 35729
2019-06-20 20:22:25,501 INFO org.springframework.boot.web.embedded.tomcat.TomcatWebServer [restartedMain] Tomcat started on port(s): 8083 (http) with context path ''
2019-06-20 20:22:25,512 INFO com.silver.bars.order.OrderApplication [restartedMain] Started OrderApplication in 10.78 seconds (JVM running for 11.856)
2019-06-20 20:22:45,700 INFO org.springframework.web.servlet.DispatcherServlet [http-nio-8083-exec-1] Initializing Servlet 'dispatcherServlet'
2019-06-20 20:22:45,728 INFO org.springframework.web.servlet.DispatcherServlet [http-nio-8083-exec-1] Completed initialization in 25 ms
2019-06-20 20:23:16,439 INFO com.silver.bars.aspect.LogModule$$EnhancerBySpringCGLIB$$6aba9fd9 [http-nio-8083-exec-6] Logging:::: Intercepted Before execution(String com.silver.bars.controller.OrderCancelController.deleteOrderRecord(String))
2019-06-20 20:23:16,492 INFO com.silver.bars.aspect.LogModule$$EnhancerBySpringCGLIB$$6aba9fd9 [http-nio-8083-exec-6] Logging:::: Intercepted After execution(String com.silver.bars.controller.OrderCancelController.deleteOrderRecord(String))
2019-06-20 20:25:07,439 INFO org.springframework.scheduling.concurrent.ThreadPoolTaskExecutor [Thread-5] Shutting down ExecutorService 'applicationTaskExecutor'
2019-06-20 20:25:08,017 INFO com.silver.bars.order.OrderApplication [restartedMain] Starting OrderApplication on DESKTOP-G2J4167 with PID 16120 (C:\eclipse-workspace\yordex_test\order\target\classes started by Mohit Goel in C:\eclipse-workspace\yordex_test\order)
2019-06-20 20:25:08,017 DEBUG com.silver.bars.order.OrderApplication [restartedMain] Running with Spring Boot v2.1.5.RELEASE, Spring v5.1.7.RELEASE
2019-06-20 20:25:08,017 INFO com.silver.bars.order.OrderApplication [restartedMain] No active profile set, falling back to default profiles: default
2019-06-20 20:25:09,204 INFO org.springframework.boot.web.embedded.tomcat.TomcatWebServer [restartedMain] Tomcat initialized with port(s): 8083 (http)
2019-06-20 20:25:09,249 INFO org.springframework.web.context.ContextLoader [restartedMain] Root WebApplicationContext: initialization completed in 1228 ms
2019-06-20 20:25:09,988 INFO org.springframework.scheduling.concurrent.ThreadPoolTaskExecutor [restartedMain] Initializing ExecutorService 'applicationTaskExecutor'
2019-06-20 20:25:10,004 INFO org.springframework.boot.devtools.autoconfigure.OptionalLiveReloadServer [restartedMain] LiveReload server is running on port 35729
2019-06-20 20:25:10,272 INFO org.springframework.boot.web.embedded.tomcat.TomcatWebServer [restartedMain] Tomcat started on port(s): 8083 (http) with context path ''
2019-06-20 20:25:10,275 INFO com.silver.bars.order.OrderApplication [restartedMain] Started OrderApplication in 2.346 seconds (JVM running for 176.62)
2019-06-20 20:25:10,276 INFO org.springframework.boot.devtools.autoconfigure.ConditionEvaluationDeltaLoggingListener [restartedMain] Condition evaluation unchanged
2019-06-20 20:26:11,219 INFO org.springframework.scheduling.concurrent.ThreadPoolTaskExecutor [Thread-10] Shutting down ExecutorService 'applicationTaskExecutor'
2019-06-20 20:26:12,339 INFO com.silver.bars.order.OrderApplication [restartedMain] Starting OrderApplication on DESKTOP-G2J4167 with PID 16120 (C:\eclipse-workspace\yordex_test\order\target\classes started by Mohit Goel in C:\eclipse-workspace\yordex_test\order)
2019-06-20 20:26:12,339 DEBUG com.silver.bars.order.OrderApplication [restartedMain] Running with Spring Boot v2.1.5.RELEASE, Spring v5.1.7.RELEASE
2019-06-20 20:26:12,339 INFO com.silver.bars.order.OrderApplication [restartedMain] No active profile set, falling back to default profiles: default
2019-06-20 20:26:13,798 INFO org.springframework.boot.web.embedded.tomcat.TomcatWebServer [restartedMain] Tomcat initialized with port(s): 8083 (http)
2019-06-20 20:26:13,842 INFO org.springframework.web.context.ContextLoader [restartedMain] Root WebApplicationContext: initialization completed in 1495 ms
2019-06-20 20:26:14,514 INFO org.springframework.scheduling.concurrent.ThreadPoolTaskExecutor [restartedMain] Initializing ExecutorService 'applicationTaskExecutor'
2019-06-20 20:26:14,538 INFO org.springframework.boot.devtools.autoconfigure.OptionalLiveReloadServer [restartedMain] LiveReload server is running on port 35729
2019-06-20 20:26:14,886 INFO org.springframework.boot.web.embedded.tomcat.TomcatWebServer [restartedMain] Tomcat started on port(s): 8083 (http) with context path ''
2019-06-20 20:26:14,889 INFO com.silver.bars.order.OrderApplication [restartedMain] Started OrderApplication in 2.651 seconds (JVM running for 241.233)
2019-06-20 20:26:14,898 INFO org.springframework.boot.devtools.autoconfigure.ConditionEvaluationDeltaLoggingListener [restartedMain] Condition evaluation unchanged
2019-06-20 20:27:00,796 INFO org.springframework.scheduling.concurrent.ThreadPoolTaskExecutor [Thread-16] Shutting down ExecutorService 'applicationTaskExecutor'
2019-06-20 20:27:01,286 INFO com.silver.bars.order.OrderApplication [restartedMain] Starting OrderApplication on DESKTOP-G2J4167 with PID 16120 (C:\eclipse-workspace\yordex_test\order\target\classes started by Mohit Goel in C:\eclipse-workspace\yordex_test\order)
2019-06-20 20:27:01,286 DEBUG com.silver.bars.order.OrderApplication [restartedMain] Running with Spring Boot v2.1.5.RELEASE, Spring v5.1.7.RELEASE
2019-06-20 20:27:01,286 INFO com.silver.bars.order.OrderApplication [restartedMain] No active profile set, falling back to default profiles: default
2019-06-20 20:27:02,517 INFO org.springframework.boot.web.embedded.tomcat.TomcatWebServer [restartedMain] Tomcat initialized with port(s): 8083 (http)
2019-06-20 20:27:02,623 INFO org.springframework.web.context.ContextLoader [restartedMain] Root WebApplicationContext: initialization completed in 1333 ms
2019-06-20 20:27:03,283 INFO org.springframework.scheduling.concurrent.ThreadPoolTaskExecutor [restartedMain] Initializing ExecutorService 'applicationTaskExecutor'
2019-06-20 20:27:03,303 INFO org.springframework.boot.devtools.autoconfigure.OptionalLiveReloadServer [restartedMain] LiveReload server is running on port 35729
2019-06-20 20:27:03,631 INFO org.springframework.boot.web.embedded.tomcat.TomcatWebServer [restartedMain] Tomcat started on port(s): 8083 (http) with context path ''
2019-06-20 20:27:03,639 INFO com.silver.bars.order.OrderApplication [restartedMain] Started OrderApplication in 2.433 seconds (JVM running for 289.984)
2019-06-20 20:27:03,643 INFO org.springframework.boot.devtools.autoconfigure.ConditionEvaluationDeltaLoggingListener [restartedMain] Condition evaluation unchanged
2019-06-20 20:27:39,137 INFO org.springframework.scheduling.concurrent.ThreadPoolTaskExecutor [Thread-22] Shutting down ExecutorService 'applicationTaskExecutor'
2019-06-20 20:27:39,651 INFO com.silver.bars.order.OrderApplication [restartedMain] Starting OrderApplication on DESKTOP-G2J4167 with PID 16120 (C:\eclipse-workspace\yordex_test\order\target\classes started by Mohit Goel in C:\eclipse-workspace\yordex_test\order)
2019-06-20 20:27:39,651 DEBUG com.silver.bars.order.OrderApplication [restartedMain] Running with Spring Boot v2.1.5.RELEASE, Spring v5.1.7.RELEASE
2019-06-20 20:27:39,651 INFO com.silver.bars.order.OrderApplication [restartedMain] No active profile set, falling back to default profiles: default
2019-06-20 20:27:41,507 INFO org.springframework.boot.web.embedded.tomcat.TomcatWebServer [restartedMain] Tomcat initialized with port(s): 8083 (http)
2019-06-20 20:27:41,624 INFO org.springframework.web.context.ContextLoader [restartedMain] Root WebApplicationContext: initialization completed in 1969 ms
2019-06-20 20:27:42,664 INFO org.springframework.scheduling.concurrent.ThreadPoolTaskExecutor [restartedMain] Initializing ExecutorService 'applicationTaskExecutor'
2019-06-20 20:27:42,680 INFO org.springframework.boot.devtools.autoconfigure.OptionalLiveReloadServer [restartedMain] LiveReload server is running on port 35729
2019-06-20 20:27:42,980 INFO org.springframework.boot.web.embedded.tomcat.TomcatWebServer [restartedMain] Tomcat started on port(s): 8083 (http) with context path ''
2019-06-20 20:27:42,984 INFO com.silver.bars.order.OrderApplication [restartedMain] Started OrderApplication in 3.445 seconds (JVM running for 329.33)
2019-06-20 20:27:42,988 INFO org.springframework.boot.devtools.autoconfigure.ConditionEvaluationDeltaLoggingListener [restartedMain] Condition evaluation unchanged
2019-06-20 20:31:50,263 INFO org.springframework.scheduling.concurrent.ThreadPoolTaskExecutor [Thread-28] Shutting down ExecutorService 'applicationTaskExecutor'
2019-06-20 20:31:50,795 INFO com.silver.bars.order.OrderApplication [restartedMain] Starting OrderApplication on DESKTOP-G2J4167 with PID 16120 (C:\eclipse-workspace\yordex_test\order\target\classes started by Mohit Goel in C:\eclipse-workspace\yordex_test\order)
2019-06-20 20:31:50,795 DEBUG com.silver.bars.order.OrderApplication [restartedMain] Running with Spring Boot v2.1.5.RELEASE, Spring v5.1.7.RELEASE
2019-06-20 20:31:50,795 INFO com.silver.bars.order.OrderApplication [restartedMain] No active profile set, falling back to default profiles: default
2019-06-20 20:31:52,323 INFO org.springframework.boot.web.embedded.tomcat.TomcatWebServer [restartedMain] Tomcat initialized with port(s): 8083 (http)
2019-06-20 20:31:52,395 INFO org.springframework.web.context.ContextLoader [restartedMain] Root WebApplicationContext: initialization completed in 1596 ms
2019-06-20 20:31:52,951 INFO org.springframework.scheduling.concurrent.ThreadPoolTaskExecutor [restartedMain] Initializing ExecutorService 'applicationTaskExecutor'
2019-06-20 20:31:52,963 INFO org.springframework.boot.devtools.autoconfigure.OptionalLiveReloadServer [restartedMain] LiveReload server is running on port 35729
2019-06-20 20:31:53,181 INFO org.springframework.boot.web.embedded.tomcat.TomcatWebServer [restartedMain] Tomcat started on port(s): 8083 (http) with context path ''
2019-06-20 20:31:53,181 INFO com.silver.bars.order.OrderApplication [restartedMain] Started OrderApplication in 2.463 seconds (JVM running for 579.527)
2019-06-20 20:31:53,185 INFO org.springframework.boot.devtools.autoconfigure.ConditionEvaluationDeltaLoggingListener [restartedMain] Condition evaluation unchanged
2019-06-20 20:32:07,758 INFO org.springframework.web.servlet.DispatcherServlet [http-nio-8083-exec-1] Initializing Servlet 'dispatcherServlet'
2019-06-20 20:32:07,789 INFO org.springframework.web.servlet.DispatcherServlet [http-nio-8083-exec-1] Completed initialization in 27 ms
2019-06-20 20:32:45,155 INFO com.silver.bars.aspect.LogModule$$EnhancerBySpringCGLIB$$6aba9fd9 [http-nio-8083-exec-6] Logging:::: Intercepted Before execution(BaseResponseBean com.silver.bars.controller.OrderRegistrationController.registerOrder(Order))
2019-06-20 20:32:45,167 INFO com.silver.bars.aspect.LogModule$$EnhancerBySpringCGLIB$$6aba9fd9 [http-nio-8083-exec-6] Logging:::: Intercepted After execution(BaseResponseBean com.silver.bars.controller.OrderRegistrationController.registerOrder(Order))
2019-06-20 20:35:16,220 INFO com.silver.bars.aspect.LogModule$$EnhancerBySpringCGLIB$$6aba9fd9 [http-nio-8083-exec-8] Logging:::: Intercepted Before execution(List com.silver.bars.controller.OrderRetrieveController.getAllOrders())
2019-06-20 20:35:16,238 INFO com.silver.bars.aspect.LogModule$$EnhancerBySpringCGLIB$$6aba9fd9 [http-nio-8083-exec-8] Logging:::: Intercepted After execution(List com.silver.bars.controller.OrderRetrieveController.getAllOrders())
2019-06-20 20:45:44,526 INFO com.silver.bars.order.OrderApplication [restartedMain] Starting OrderApplication on DESKTOP-G2J4167 with PID 27296 (C:\eclipse-workspace\yordex_test\order\target\classes started by Mohit Goel in C:\eclipse-workspace\yordex_test\order)
2019-06-20 20:45:44,530 DEBUG com.silver.bars.order.OrderApplication [restartedMain] Running with Spring Boot v2.1.5.RELEASE, Spring v5.1.7.RELEASE
2019-06-20 20:45:44,534 INFO com.silver.bars.order.OrderApplication [restartedMain] No active profile set, falling back to default profiles: default
2019-06-20 20:45:44,630 INFO org.springframework.boot.devtools.env.DevToolsPropertyDefaultsPostProcessor [restartedMain] Devtools property defaults active! Set 'spring.devtools.add-properties' to 'false' to disable
2019-06-20 20:45:44,634 INFO org.springframework.boot.devtools.env.DevToolsPropertyDefaultsPostProcessor [restartedMain] For additional web related logging consider setting the 'logging.level.web' property to 'DEBUG'
2019-06-20 20:45:49,329 INFO org.springframework.boot.web.embedded.tomcat.TomcatWebServer [restartedMain] Tomcat initialized with port(s): 8083 (http)
2019-06-20 20:45:49,920 INFO org.springframework.web.context.ContextLoader [restartedMain] Root WebApplicationContext: initialization completed in 5286 ms
2019-06-20 20:45:50,252 WARN org.springframework.boot.web.servlet.context.AnnotationConfigServletWebServerApplicationContext [restartedMain] Exception encountered during context initialization - cancelling refresh attempt: org.springframework.beans.factory.BeanCreationException: Error creating bean with name 'orderDataStore' defined in file [C:\eclipse-workspace\yordex_test\order\target\classes\com\silver\bars\order\OrderDataStore.class]: Initialization of bean failed; nested exception is org.springframework.aop.framework.AopConfigException: Could not generate CGLIB subclass of class com.silver.bars.order.OrderDataStore: Common causes of this problem include using a final class or a non-visible class; nested exception is java.lang.IllegalArgumentException: No visible constructors in class com.silver.bars.order.OrderDataStore
2019-06-20 20:45:50,300 INFO org.springframework.boot.autoconfigure.logging.ConditionEvaluationReportLoggingListener [restartedMain] 

Error starting ApplicationContext. To display the conditions report re-run your application with 'debug' enabled.
2019-06-20 20:45:50,316 ERROR org.springframework.boot.SpringApplication [restartedMain] Application run failed
org.springframework.beans.factory.BeanCreationException: Error creating bean with name 'orderDataStore' defined in file [C:\eclipse-workspace\yordex_test\order\target\classes\com\silver\bars\order\OrderDataStore.class]: Initialization of bean failed; nested exception is org.springframework.aop.framework.AopConfigException: Could not generate CGLIB subclass of class com.silver.bars.order.OrderDataStore: Common causes of this problem include using a final class or a non-visible class; nested exception is java.lang.IllegalArgumentException: No visible constructors in class com.silver.bars.order.OrderDataStore
	at org.springframework.beans.factory.support.AbstractAutowireCapableBeanFactory.doCreateBean(AbstractAutowireCapableBeanFactory.java:601)
	at org.springframework.beans.factory.support.AbstractAutowireCapableBeanFactory.createBean(AbstractAutowireCapableBeanFactory.java:515)
	at org.springframework.beans.factory.support.AbstractBeanFactory.lambda$doGetBean$0(AbstractBeanFactory.java:320)
	at org.springframework.beans.factory.support.DefaultSingletonBeanRegistry.getSingleton(DefaultSingletonBeanRegistry.java:222)
	at org.springframework.beans.factory.support.AbstractBeanFactory.doGetBean(AbstractBeanFactory.java:318)
	at org.springframework.beans.factory.support.AbstractBeanFactory.getBean(AbstractBeanFactory.java:199)
	at org.springframework.beans.factory.support.DefaultListableBeanFactory.preInstantiateSingletons(DefaultListableBeanFactory.java:843)
	at org.springframework.context.support.AbstractApplicationContext.finishBeanFactoryInitialization(AbstractApplicationContext.java:877)
	at org.springframework.context.support.AbstractApplicationContext.refresh(AbstractApplicationContext.java:549)
	at org.springframework.boot.web.servlet.context.ServletWebServerApplicationContext.refresh(ServletWebServerApplicationContext.java:142)
	at org.springframework.boot.SpringApplication.refresh(SpringApplication.java:775)
	at org.springframework.boot.SpringApplication.refreshContext(SpringApplication.java:397)
	at org.springframework.boot.SpringApplication.run(SpringApplication.java:316)
	at org.springframework.boot.SpringApplication.run(SpringApplication.java:1260)
	at org.springframework.boot.SpringApplication.run(SpringApplication.java:1248)
	at com.silver.bars.order.OrderApplication.main(OrderApplication.java:10)
	at sun.reflect.NativeMethodAccessorImpl.invoke0(Native Method)
	at sun.reflect.NativeMethodAccessorImpl.invoke(Unknown Source)
	at sun.reflect.DelegatingMethodAccessorImpl.invoke(Unknown Source)
	at java.lang.reflect.Method.invoke(Unknown Source)
	at org.springframework.boot.devtools.restart.RestartLauncher.run(RestartLauncher.java:49)
Caused by: org.springframework.aop.framework.AopConfigException: Could not generate CGLIB subclass of class com.silver.bars.order.OrderDataStore: Common causes of this problem include using a final class or a non-visible class; nested exception is java.lang.IllegalArgumentException: No visible constructors in class com.silver.bars.order.OrderDataStore
	at org.springframework.aop.framework.CglibAopProxy.getProxy(CglibAopProxy.java:208)
	at org.springframework.aop.framework.ProxyFactory.getProxy(ProxyFactory.java:110)
	at org.springframework.aop.framework.autoproxy.AbstractAutoProxyCreator.createProxy(AbstractAutoProxyCreator.java:471)
	at org.springframework.aop.framework.autoproxy.AbstractAutoProxyCreator.wrapIfNecessary(AbstractAutoProxyCreator.java:350)
	at org.springframework.aop.framework.autoproxy.AbstractAutoProxyCreator.postProcessAfterInitialization(AbstractAutoProxyCreator.java:299)
	at org.springframework.beans.factory.support.AbstractAutowireCapableBeanFactory.applyBeanPostProcessorsAfterInitialization(AbstractAutowireCapableBeanFactory.java:429)
	at org.springframework.beans.factory.support.AbstractAutowireCapableBeanFactory.initializeBean(AbstractAutowireCapableBeanFactory.java:1782)
	at org.springframework.beans.factory.support.AbstractAutowireCapableBeanFactory.doCreateBean(AbstractAutowireCapableBeanFactory.java:593)
	... 20 common frames omitted
Caused by: java.lang.IllegalArgumentException: No visible constructors in class com.silver.bars.order.OrderDataStore
	at org.springframework.cglib.proxy.Enhancer.filterConstructors(Enhancer.java:760)
	at org.springframework.cglib.proxy.Enhancer.generateClass(Enhancer.java:659)
	at org.springframework.cglib.transform.TransformingClassGenerator.generateClass(TransformingClassGenerator.java:33)
	at org.springframework.cglib.core.DefaultGeneratorStrategy.generate(DefaultGeneratorStrategy.java:25)
	at org.springframework.aop.framework.CglibAopProxy$ClassLoaderAwareUndeclaredThrowableStrategy.generate(CglibAopProxy.java:1007)
	at org.springframework.cglib.core.AbstractClassGenerator.generate(AbstractClassGenerator.java:358)
	at org.springframework.cglib.proxy.Enhancer.generate(Enhancer.java:582)
	at org.springframework.cglib.core.AbstractClassGenerator$ClassLoaderData.get(AbstractClassGenerator.java:131)
	at org.springframework.cglib.core.AbstractClassGenerator.create(AbstractClassGenerator.java:319)
	at org.springframework.cglib.proxy.Enhancer.createHelper(Enhancer.java:569)
	at org.springframework.cglib.proxy.Enhancer.createClass(Enhancer.java:416)
	at org.springframework.aop.framework.ObjenesisCglibAopProxy.createProxyClassAndInstance(ObjenesisCglibAopProxy.java:57)
	at org.springframework.aop.framework.CglibAopProxy.getProxy(CglibAopProxy.java:205)
	... 27 common frames omitted
2019-06-20 21:00:47,514 INFO com.silver.bars.order.OrderApplication [restartedMain] Starting OrderApplication on DESKTOP-G2J4167 with PID 29560 (C:\eclipse-workspace\yordex_test\order\target\classes started by Mohit Goel in C:\eclipse-workspace\yordex_test\order)
2019-06-20 21:00:47,518 DEBUG com.silver.bars.order.OrderApplication [restartedMain] Running with Spring Boot v2.1.5.RELEASE, Spring v5.1.7.RELEASE
2019-06-20 21:00:47,518 INFO com.silver.bars.order.OrderApplication [restartedMain] No active profile set, falling back to default profiles: default
2019-06-20 21:00:47,606 INFO org.springframework.boot.devtools.env.DevToolsPropertyDefaultsPostProcessor [restartedMain] Devtools property defaults active! Set 'spring.devtools.add-properties' to 'false' to disable
2019-06-20 21:00:47,606 INFO org.springframework.boot.devtools.env.DevToolsPropertyDefaultsPostProcessor [restartedMain] For additional web related logging consider setting the 'logging.level.web' property to 'DEBUG'
2019-06-20 21:00:51,477 INFO org.springframework.boot.web.embedded.tomcat.TomcatWebServer [restartedMain] Tomcat initialized with port(s): 8083 (http)
2019-06-20 21:00:51,942 INFO org.springframework.web.context.ContextLoader [restartedMain] Root WebApplicationContext: initialization completed in 4336 ms
2019-06-20 21:00:53,766 INFO org.springframework.scheduling.concurrent.ThreadPoolTaskExecutor [restartedMain] Initializing ExecutorService 'applicationTaskExecutor'
2019-06-20 21:00:53,848 INFO org.springframework.boot.devtools.autoconfigure.OptionalLiveReloadServer [restartedMain] LiveReload server is running on port 35729
2019-06-20 21:00:54,893 INFO org.springframework.boot.web.embedded.tomcat.TomcatWebServer [restartedMain] Tomcat started on port(s): 8083 (http) with context path ''
2019-06-20 21:00:54,899 INFO com.silver.bars.order.OrderApplication [restartedMain] Started OrderApplication in 8.234 seconds (JVM running for 9.094)
2019-06-20 21:02:07,525 INFO org.springframework.web.servlet.DispatcherServlet [http-nio-8083-exec-1] Initializing Servlet 'dispatcherServlet'
2019-06-20 21:02:07,601 INFO org.springframework.web.servlet.DispatcherServlet [http-nio-8083-exec-1] Completed initialization in 72 ms
2019-06-20 21:05:57,022 INFO org.springframework.scheduling.concurrent.ThreadPoolTaskExecutor [Thread-5] Shutting down ExecutorService 'applicationTaskExecutor'
2019-06-20 21:05:57,703 INFO com.silver.bars.order.OrderApplication [restartedMain] Starting OrderApplication on DESKTOP-G2J4167 with PID 29560 (C:\eclipse-workspace\yordex_test\order\target\classes started by Mohit Goel in C:\eclipse-workspace\yordex_test\order)
2019-06-20 21:05:57,707 DEBUG com.silver.bars.order.OrderApplication [restartedMain] Running with Spring Boot v2.1.5.RELEASE, Spring v5.1.7.RELEASE
2019-06-20 21:05:57,707 INFO com.silver.bars.order.OrderApplication [restartedMain] No active profile set, falling back to default profiles: default
2019-06-20 21:05:59,091 INFO org.springframework.boot.web.embedded.tomcat.TomcatWebServer [restartedMain] Tomcat initialized with port(s): 8083 (http)
2019-06-20 21:05:59,163 INFO org.springframework.web.context.ContextLoader [restartedMain] Root WebApplicationContext: initialization completed in 1452 ms
2019-06-20 21:05:59,843 INFO org.springframework.scheduling.concurrent.ThreadPoolTaskExecutor [restartedMain] Initializing ExecutorService 'applicationTaskExecutor'
2019-06-20 21:05:59,863 INFO org.springframework.boot.devtools.autoconfigure.OptionalLiveReloadServer [restartedMain] LiveReload server is running on port 35729
2019-06-20 21:06:00,183 INFO org.springframework.boot.web.embedded.tomcat.TomcatWebServer [restartedMain] Tomcat started on port(s): 8083 (http) with context path ''
2019-06-20 21:06:00,187 INFO com.silver.bars.order.OrderApplication [restartedMain] Started OrderApplication in 2.568 seconds (JVM running for 314.38)
2019-06-20 21:06:00,189 INFO org.springframework.boot.devtools.autoconfigure.ConditionEvaluationDeltaLoggingListener [restartedMain] Condition evaluation unchanged
2019-06-20 21:06:10,905 INFO org.springframework.web.servlet.DispatcherServlet [http-nio-8083-exec-1] Initializing Servlet 'dispatcherServlet'
2019-06-20 21:06:10,926 INFO org.springframework.web.servlet.DispatcherServlet [http-nio-8083-exec-1] Completed initialization in 17 ms
2019-06-20 21:06:28,519 INFO com.silver.bars.aspect.LogModule$$EnhancerBySpringCGLIB$$8f7f6ff [http-nio-8083-exec-7] Logging:::: Intercepted Before execution(BaseResponseBean com.silver.bars.controller.OrderCancelController.cancelOrder(String))
2019-06-20 21:06:28,550 INFO com.silver.bars.aspect.LogModule$$EnhancerBySpringCGLIB$$8f7f6ff [http-nio-8083-exec-7] Logging:::: Intercepted After execution(BaseResponseBean com.silver.bars.controller.OrderCancelController.cancelOrder(String))
2019-06-20 21:06:28,558 DEBUG com.silver.bars.order.CustomizedResponseEntityExceptionHandler [http-nio-8083-exec-7] Application Encountered Error---------------------
2019-06-20 21:06:28,566 WARN org.springframework.web.servlet.mvc.method.annotation.ExceptionHandlerExceptionResolver [http-nio-8083-exec-7] Resolved [com.silver.bars.order.CustomException: Order Cancelled Failed]
2019-06-20 21:08:29,459 INFO org.springframework.scheduling.concurrent.ThreadPoolTaskExecutor [Thread-10] Shutting down ExecutorService 'applicationTaskExecutor'
2019-06-20 21:08:29,958 INFO com.silver.bars.order.OrderApplication [restartedMain] Starting OrderApplication on DESKTOP-G2J4167 with PID 29560 (C:\eclipse-workspace\yordex_test\order\target\classes started by Mohit Goel in C:\eclipse-workspace\yordex_test\order)
2019-06-20 21:08:29,958 DEBUG com.silver.bars.order.OrderApplication [restartedMain] Running with Spring Boot v2.1.5.RELEASE, Spring v5.1.7.RELEASE
2019-06-20 21:08:29,958 INFO com.silver.bars.order.OrderApplication [restartedMain] No active profile set, falling back to default profiles: default
2019-06-20 21:08:31,070 INFO org.springframework.boot.web.embedded.tomcat.TomcatWebServer [restartedMain] Tomcat initialized with port(s): 8083 (http)
2019-06-20 21:08:31,134 INFO org.springframework.web.context.ContextLoader [restartedMain] Root WebApplicationContext: initialization completed in 1168 ms
2019-06-20 21:08:31,766 INFO org.springframework.scheduling.concurrent.ThreadPoolTaskExecutor [restartedMain] Initializing ExecutorService 'applicationTaskExecutor'
2019-06-20 21:08:31,782 INFO org.springframework.boot.devtools.autoconfigure.OptionalLiveReloadServer [restartedMain] LiveReload server is running on port 35729
2019-06-20 21:08:32,010 INFO org.springframework.boot.web.embedded.tomcat.TomcatWebServer [restartedMain] Tomcat started on port(s): 8083 (http) with context path ''
2019-06-20 21:08:32,010 INFO com.silver.bars.order.OrderApplication [restartedMain] Started OrderApplication in 2.132 seconds (JVM running for 466.205)
2019-06-20 21:08:32,014 INFO org.springframework.boot.devtools.autoconfigure.ConditionEvaluationDeltaLoggingListener [restartedMain] Condition evaluation unchanged
2019-06-20 21:08:36,505 INFO org.springframework.scheduling.concurrent.ThreadPoolTaskExecutor [Thread-16] Shutting down ExecutorService 'applicationTaskExecutor'
2019-06-20 21:08:36,936 INFO com.silver.bars.order.OrderApplication [restartedMain] Starting OrderApplication on DESKTOP-G2J4167 with PID 29560 (C:\eclipse-workspace\yordex_test\order\target\classes started by Mohit Goel in C:\eclipse-workspace\yordex_test\order)
2019-06-20 21:08:36,940 DEBUG com.silver.bars.order.OrderApplication [restartedMain] Running with Spring Boot v2.1.5.RELEASE, Spring v5.1.7.RELEASE
2019-06-20 21:08:36,940 INFO com.silver.bars.order.OrderApplication [restartedMain] No active profile set, falling back to default profiles: default
2019-06-20 21:08:37,884 INFO org.springframework.boot.web.embedded.tomcat.TomcatWebServer [restartedMain] Tomcat initialized with port(s): 8083 (http)
2019-06-20 21:08:37,921 INFO org.springframework.web.context.ContextLoader [restartedMain] Root WebApplicationContext: initialization completed in 977 ms
2019-06-20 21:08:38,424 INFO org.springframework.scheduling.concurrent.ThreadPoolTaskExecutor [restartedMain] Initializing ExecutorService 'applicationTaskExecutor'
2019-06-20 21:08:38,436 INFO org.springframework.boot.devtools.autoconfigure.OptionalLiveReloadServer [restartedMain] LiveReload server is running on port 35729
2019-06-20 21:08:38,648 INFO org.springframework.boot.web.embedded.tomcat.TomcatWebServer [restartedMain] Tomcat started on port(s): 8083 (http) with context path ''
2019-06-20 21:08:38,648 INFO com.silver.bars.order.OrderApplication [restartedMain] Started OrderApplication in 1.76 seconds (JVM running for 472.844)
2019-06-20 21:08:38,652 INFO org.springframework.boot.devtools.autoconfigure.ConditionEvaluationDeltaLoggingListener [restartedMain] Condition evaluation unchanged
2019-06-20 21:09:01,534 INFO org.springframework.web.servlet.DispatcherServlet [http-nio-8083-exec-1] Initializing Servlet 'dispatcherServlet'
2019-06-20 21:09:01,571 INFO org.springframework.web.servlet.DispatcherServlet [http-nio-8083-exec-1] Completed initialization in 33 ms
2019-06-20 21:09:40,902 INFO com.silver.bars.aspect.LogModule$$EnhancerBySpringCGLIB$$8f7f6ff [http-nio-8083-exec-7] Logging:::: Intercepted Before execution(BaseResponseBean com.silver.bars.controller.OrderRegistrationController.registerOrder(Order))
2019-06-20 21:09:40,914 INFO com.silver.bars.aspect.LogModule$$EnhancerBySpringCGLIB$$8f7f6ff [http-nio-8083-exec-7] Time Taken by execution(BaseResponseBean com.silver.bars.controller.OrderRegistrationController.registerOrder(Order)) is 12
2019-06-20 21:09:40,918 INFO com.silver.bars.aspect.LogModule$$EnhancerBySpringCGLIB$$8f7f6ff [http-nio-8083-exec-7] Logging:::: Intercepted After execution(BaseResponseBean com.silver.bars.controller.OrderRegistrationController.registerOrder(Order))
2019-06-20 21:10:38,833 INFO org.springframework.scheduling.concurrent.ThreadPoolTaskExecutor [Thread-22] Shutting down ExecutorService 'applicationTaskExecutor'
2019-06-20 21:10:39,371 INFO com.silver.bars.order.OrderApplication [restartedMain] Starting OrderApplication on DESKTOP-G2J4167 with PID 29560 (C:\eclipse-workspace\yordex_test\order\target\classes started by Mohit Goel in C:\eclipse-workspace\yordex_test\order)
2019-06-20 21:10:39,371 DEBUG com.silver.bars.order.OrderApplication [restartedMain] Running with Spring Boot v2.1.5.RELEASE, Spring v5.1.7.RELEASE
2019-06-20 21:10:39,371 INFO com.silver.bars.order.OrderApplication [restartedMain] No active profile set, falling back to default profiles: default
2019-06-20 21:10:40,416 INFO org.springframework.boot.web.embedded.tomcat.TomcatWebServer [restartedMain] Tomcat initialized with port(s): 8083 (http)
2019-06-20 21:10:40,519 INFO org.springframework.web.context.ContextLoader [restartedMain] Root WebApplicationContext: initialization completed in 1144 ms
2019-06-20 21:10:41,323 INFO org.springframework.scheduling.concurrent.ThreadPoolTaskExecutor [restartedMain] Initializing ExecutorService 'applicationTaskExecutor'
2019-06-20 21:10:41,343 INFO org.springframework.boot.devtools.autoconfigure.OptionalLiveReloadServer [restartedMain] LiveReload server is running on port 35729
2019-06-20 21:10:41,687 INFO org.springframework.boot.web.embedded.tomcat.TomcatWebServer [restartedMain] Tomcat started on port(s): 8083 (http) with context path ''
2019-06-20 21:10:41,688 INFO com.silver.bars.order.OrderApplication [restartedMain] Started OrderApplication in 2.372 seconds (JVM running for 595.881)
2019-06-20 21:10:41,688 INFO org.springframework.boot.devtools.autoconfigure.ConditionEvaluationDeltaLoggingListener [restartedMain] Condition evaluation unchanged
2019-06-20 21:13:59,298 INFO org.springframework.scheduling.concurrent.ThreadPoolTaskExecutor [Thread-28] Shutting down ExecutorService 'applicationTaskExecutor'
2019-06-20 21:13:59,806 INFO com.silver.bars.order.OrderApplication [restartedMain] Starting OrderApplication on DESKTOP-G2J4167 with PID 29560 (C:\eclipse-workspace\yordex_test\order\target\classes started by Mohit Goel in C:\eclipse-workspace\yordex_test\order)
2019-06-20 21:13:59,806 DEBUG com.silver.bars.order.OrderApplication [restartedMain] Running with Spring Boot v2.1.5.RELEASE, Spring v5.1.7.RELEASE
2019-06-20 21:13:59,806 INFO com.silver.bars.order.OrderApplication [restartedMain] No active profile set, falling back to default profiles: default
2019-06-20 21:14:01,197 INFO org.springframework.boot.web.embedded.tomcat.TomcatWebServer [restartedMain] Tomcat initialized with port(s): 8083 (http)
2019-06-20 21:14:01,238 INFO org.springframework.web.context.ContextLoader [restartedMain] Root WebApplicationContext: initialization completed in 1428 ms
2019-06-20 21:14:01,822 INFO org.springframework.scheduling.concurrent.ThreadPoolTaskExecutor [restartedMain] Initializing ExecutorService 'applicationTaskExecutor'
2019-06-20 21:14:01,842 INFO org.springframework.boot.devtools.autoconfigure.OptionalLiveReloadServer [restartedMain] LiveReload server is running on port 35729
2019-06-20 21:14:02,066 INFO org.springframework.boot.web.embedded.tomcat.TomcatWebServer [restartedMain] Tomcat started on port(s): 8083 (http) with context path ''
2019-06-20 21:14:02,066 INFO com.silver.bars.order.OrderApplication [restartedMain] Started OrderApplication in 2.34 seconds (JVM running for 796.261)
2019-06-20 21:14:02,070 INFO org.springframework.boot.devtools.autoconfigure.ConditionEvaluationDeltaLoggingListener [restartedMain] Condition evaluation unchanged
2019-06-20 21:14:30,427 INFO org.springframework.scheduling.concurrent.ThreadPoolTaskExecutor [Thread-34] Shutting down ExecutorService 'applicationTaskExecutor'
2019-06-20 21:14:30,982 INFO com.silver.bars.order.OrderApplication [restartedMain] Starting OrderApplication on DESKTOP-G2J4167 with PID 29560 (C:\eclipse-workspace\yordex_test\order\target\classes started by Mohit Goel in C:\eclipse-workspace\yordex_test\order)
2019-06-20 21:14:30,982 DEBUG com.silver.bars.order.OrderApplication [restartedMain] Running with Spring Boot v2.1.5.RELEASE, Spring v5.1.7.RELEASE
2019-06-20 21:14:30,982 INFO com.silver.bars.order.OrderApplication [restartedMain] No active profile set, falling back to default profiles: default
2019-06-20 21:14:31,861 INFO org.springframework.boot.web.embedded.tomcat.TomcatWebServer [restartedMain] Tomcat initialized with port(s): 8083 (http)
2019-06-20 21:14:31,960 INFO org.springframework.web.context.ContextLoader [restartedMain] Root WebApplicationContext: initialization completed in 974 ms
2019-06-20 21:14:32,612 INFO org.springframework.scheduling.concurrent.ThreadPoolTaskExecutor [restartedMain] Initializing ExecutorService 'applicationTaskExecutor'
2019-06-20 21:14:32,628 INFO org.springframework.boot.devtools.autoconfigure.OptionalLiveReloadServer [restartedMain] LiveReload server is running on port 35729
2019-06-20 21:14:32,840 INFO org.springframework.boot.web.embedded.tomcat.TomcatWebServer [restartedMain] Tomcat started on port(s): 8083 (http) with context path ''
2019-06-20 21:14:32,844 INFO com.silver.bars.order.OrderApplication [restartedMain] Started OrderApplication in 1.926 seconds (JVM running for 827.038)
2019-06-20 21:14:32,844 INFO org.springframework.boot.devtools.autoconfigure.ConditionEvaluationDeltaLoggingListener [restartedMain] Condition evaluation unchanged
2019-06-20 21:17:37,729 INFO com.silver.bars.order.OrderApplication [restartedMain] Starting OrderApplication on DESKTOP-G2J4167 with PID 3776 (C:\eclipse-workspace\yordex_test\order\target\classes started by Mohit Goel in C:\eclipse-workspace\yordex_test\order)
2019-06-20 21:17:37,733 DEBUG com.silver.bars.order.OrderApplication [restartedMain] Running with Spring Boot v2.1.5.RELEASE, Spring v5.1.7.RELEASE
2019-06-20 21:17:37,733 INFO com.silver.bars.order.OrderApplication [restartedMain] No active profile set, falling back to default profiles: default
2019-06-20 21:17:37,837 INFO org.springframework.boot.devtools.env.DevToolsPropertyDefaultsPostProcessor [restartedMain] Devtools property defaults active! Set 'spring.devtools.add-properties' to 'false' to disable
2019-06-20 21:17:37,837 INFO org.springframework.boot.devtools.env.DevToolsPropertyDefaultsPostProcessor [restartedMain] For additional web related logging consider setting the 'logging.level.web' property to 'DEBUG'
2019-06-20 21:17:41,904 INFO org.springframework.boot.web.embedded.tomcat.TomcatWebServer [restartedMain] Tomcat initialized with port(s): 8083 (http)
2019-06-20 21:17:42,344 INFO org.springframework.web.context.ContextLoader [restartedMain] Root WebApplicationContext: initialization completed in 4507 ms
2019-06-20 21:17:43,808 INFO org.springframework.scheduling.concurrent.ThreadPoolTaskExecutor [restartedMain] Initializing ExecutorService 'applicationTaskExecutor'
2019-06-20 21:17:43,883 INFO org.springframework.boot.devtools.autoconfigure.OptionalLiveReloadServer [restartedMain] LiveReload server is running on port 35729
2019-06-20 21:17:44,739 INFO org.springframework.boot.web.embedded.tomcat.TomcatWebServer [restartedMain] Tomcat started on port(s): 8083 (http) with context path ''
2019-06-20 21:17:44,743 INFO com.silver.bars.order.OrderApplication [restartedMain] Started OrderApplication in 7.832 seconds (JVM running for 8.663)
2019-06-20 21:17:52,447 INFO org.springframework.web.servlet.DispatcherServlet [http-nio-8083-exec-1] Initializing Servlet 'dispatcherServlet'
2019-06-20 21:17:52,501 INFO org.springframework.web.servlet.DispatcherServlet [http-nio-8083-exec-1] Completed initialization in 50 ms
2019-06-20 21:18:13,869 INFO com.silver.bars.aspect.LogModule$$EnhancerBySpringCGLIB$$b63ee7f8 [http-nio-8083-exec-7] Logging:::: Intercepted Before execution(BaseResponseBean com.silver.bars.controller.OrderRetrieveController.getAllOrders())
2019-06-20 21:18:13,921 INFO com.silver.bars.aspect.LogModule$$EnhancerBySpringCGLIB$$b63ee7f8 [http-nio-8083-exec-7] Time Taken by execution(BaseResponseBean com.silver.bars.controller.OrderRetrieveController.getAllOrders()) is 52
2019-06-20 21:18:13,926 INFO com.silver.bars.aspect.LogModule$$EnhancerBySpringCGLIB$$b63ee7f8 [http-nio-8083-exec-7] Logging:::: Intercepted After execution(BaseResponseBean com.silver.bars.controller.OrderRetrieveController.getAllOrders())
2019-06-20 21:20:29,243 INFO org.springframework.scheduling.concurrent.ThreadPoolTaskExecutor [Thread-5] Shutting down ExecutorService 'applicationTaskExecutor'
2019-06-20 21:20:30,005 INFO com.silver.bars.order.OrderApplication [restartedMain] Starting OrderApplication on DESKTOP-G2J4167 with PID 3776 (C:\eclipse-workspace\yordex_test\order\target\classes started by Mohit Goel in C:\eclipse-workspace\yordex_test\order)
2019-06-20 21:20:30,005 DEBUG com.silver.bars.order.OrderApplication [restartedMain] Running with Spring Boot v2.1.5.RELEASE, Spring v5.1.7.RELEASE
2019-06-20 21:20:30,005 INFO com.silver.bars.order.OrderApplication [restartedMain] No active profile set, falling back to default profiles: default
2019-06-20 21:20:32,276 INFO org.springframework.boot.web.embedded.tomcat.TomcatWebServer [restartedMain] Tomcat initialized with port(s): 8083 (http)
2019-06-20 21:20:32,363 INFO org.springframework.web.context.ContextLoader [restartedMain] Root WebApplicationContext: initialization completed in 2350 ms
2019-06-20 21:20:32,827 WARN org.springframework.boot.web.servlet.context.AnnotationConfigServletWebServerApplicationContext [restartedMain] Exception encountered during context initialization - cancelling refresh attempt: org.springframework.beans.factory.BeanCreationException: Error creating bean with name 'orderRetrieveController' defined in file [C:\eclipse-workspace\yordex_test\order\target\classes\com\silver\bars\controller\OrderRetrieveController.class]: Instantiation of bean failed; nested exception is org.springframework.beans.BeanInstantiationException: Failed to instantiate [com.silver.bars.controller.OrderRetrieveController]: Constructor threw exception; nested exception is java.lang.Error: Unresolved compilation problems: 
	Syntax error on token ">", Identifier expected after this token
	Void methods cannot return a value

2019-06-20 21:20:32,859 INFO org.springframework.boot.autoconfigure.logging.ConditionEvaluationReportLoggingListener [restartedMain] 

Error starting ApplicationContext. To display the conditions report re-run your application with 'debug' enabled.
2019-06-20 21:20:32,871 ERROR org.springframework.boot.SpringApplication [restartedMain] Application run failed
org.springframework.beans.factory.BeanCreationException: Error creating bean with name 'orderRetrieveController' defined in file [C:\eclipse-workspace\yordex_test\order\target\classes\com\silver\bars\controller\OrderRetrieveController.class]: Instantiation of bean failed; nested exception is org.springframework.beans.BeanInstantiationException: Failed to instantiate [com.silver.bars.controller.OrderRetrieveController]: Constructor threw exception; nested exception is java.lang.Error: Unresolved compilation problems: 
	Syntax error on token ">", Identifier expected after this token
	Void methods cannot return a value

	at org.springframework.beans.factory.support.AbstractAutowireCapableBeanFactory.instantiateBean(AbstractAutowireCapableBeanFactory.java:1303)
	at org.springframework.beans.factory.support.AbstractAutowireCapableBeanFactory.createBeanInstance(AbstractAutowireCapableBeanFactory.java:1197)
	at org.springframework.beans.factory.support.AbstractAutowireCapableBeanFactory.doCreateBean(AbstractAutowireCapableBeanFactory.java:555)
	at org.springframework.beans.factory.support.AbstractAutowireCapableBeanFactory.createBean(AbstractAutowireCapableBeanFactory.java:515)
	at org.springframework.beans.factory.support.AbstractBeanFactory.lambda$doGetBean$0(AbstractBeanFactory.java:320)
	at org.springframework.beans.factory.support.DefaultSingletonBeanRegistry.getSingleton(DefaultSingletonBeanRegistry.java:222)
	at org.springframework.beans.factory.support.AbstractBeanFactory.doGetBean(AbstractBeanFactory.java:318)
	at org.springframework.beans.factory.support.AbstractBeanFactory.getBean(AbstractBeanFactory.java:199)
	at org.springframework.beans.factory.support.DefaultListableBeanFactory.preInstantiateSingletons(DefaultListableBeanFactory.java:843)
	at org.springframework.context.support.AbstractApplicationContext.finishBeanFactoryInitialization(AbstractApplicationContext.java:877)
	at org.springframework.context.support.AbstractApplicationContext.refresh(AbstractApplicationContext.java:549)
	at org.springframework.boot.web.servlet.context.ServletWebServerApplicationContext.refresh(ServletWebServerApplicationContext.java:142)
	at org.springframework.boot.SpringApplication.refresh(SpringApplication.java:775)
	at org.springframework.boot.SpringApplication.refreshContext(SpringApplication.java:397)
	at org.springframework.boot.SpringApplication.run(SpringApplication.java:316)
	at org.springframework.boot.SpringApplication.run(SpringApplication.java:1260)
	at org.springframework.boot.SpringApplication.run(SpringApplication.java:1248)
	at com.silver.bars.order.OrderApplication.main(OrderApplication.java:10)
	at sun.reflect.NativeMethodAccessorImpl.invoke0(Native Method)
	at sun.reflect.NativeMethodAccessorImpl.invoke(Unknown Source)
	at sun.reflect.DelegatingMethodAccessorImpl.invoke(Unknown Source)
	at java.lang.reflect.Method.invoke(Unknown Source)
	at org.springframework.boot.devtools.restart.RestartLauncher.run(RestartLauncher.java:49)
Caused by: org.springframework.beans.BeanInstantiationException: Failed to instantiate [com.silver.bars.controller.OrderRetrieveController]: Constructor threw exception; nested exception is java.lang.Error: Unresolved compilation problems: 
	Syntax error on token ">", Identifier expected after this token
	Void methods cannot return a value

	at org.springframework.beans.BeanUtils.instantiateClass(BeanUtils.java:184)
	at org.springframework.beans.factory.support.SimpleInstantiationStrategy.instantiate(SimpleInstantiationStrategy.java:87)
	at org.springframework.beans.factory.support.AbstractAutowireCapableBeanFactory.instantiateBean(AbstractAutowireCapableBeanFactory.java:1295)
	... 22 common frames omitted
Caused by: java.lang.Error: Unresolved compilation problems: 
	Syntax error on token ">", Identifier expected after this token
	Void methods cannot return a value

	at com.silver.bars.controller.OrderRetrieveController.<init>(OrderRetrieveController.java:34)
	at sun.reflect.NativeConstructorAccessorImpl.newInstance0(Native Method)
	at sun.reflect.NativeConstructorAccessorImpl.newInstance(Unknown Source)
	at sun.reflect.DelegatingConstructorAccessorImpl.newInstance(Unknown Source)
	at java.lang.reflect.Constructor.newInstance(Unknown Source)
	at org.springframework.beans.BeanUtils.instantiateClass(BeanUtils.java:172)
	... 24 common frames omitted
2019-06-20 21:20:41,749 INFO com.silver.bars.order.OrderApplication [restartedMain] Starting OrderApplication on DESKTOP-G2J4167 with PID 3776 (C:\eclipse-workspace\yordex_test\order\target\classes started by Mohit Goel in C:\eclipse-workspace\yordex_test\order)
2019-06-20 21:20:41,749 DEBUG com.silver.bars.order.OrderApplication [restartedMain] Running with Spring Boot v2.1.5.RELEASE, Spring v5.1.7.RELEASE
2019-06-20 21:20:41,749 INFO com.silver.bars.order.OrderApplication [restartedMain] No active profile set, falling back to default profiles: default
2019-06-20 21:20:43,525 INFO org.springframework.boot.web.embedded.tomcat.TomcatWebServer [restartedMain] Tomcat initialized with port(s): 8083 (http)
2019-06-20 21:20:44,178 INFO org.springframework.web.context.ContextLoader [restartedMain] Root WebApplicationContext: initialization completed in 2421 ms
2019-06-20 21:20:44,930 INFO org.springframework.scheduling.concurrent.ThreadPoolTaskExecutor [restartedMain] Initializing ExecutorService 'applicationTaskExecutor'
2019-06-20 21:20:44,953 INFO org.springframework.boot.devtools.autoconfigure.OptionalLiveReloadServer [restartedMain] LiveReload server is running on port 35729
2019-06-20 21:20:45,209 INFO org.springframework.boot.web.embedded.tomcat.TomcatWebServer [restartedMain] Tomcat started on port(s): 8083 (http) with context path ''
2019-06-20 21:20:45,209 INFO com.silver.bars.order.OrderApplication [restartedMain] Started OrderApplication in 3.578 seconds (JVM running for 189.128)
2019-06-20 21:20:45,213 INFO org.springframework.boot.devtools.autoconfigure.ConditionEvaluationDeltaLoggingListener [restartedMain] Condition evaluation unchanged
2019-06-20 21:21:39,443 INFO org.springframework.scheduling.concurrent.ThreadPoolTaskExecutor [Thread-10] Shutting down ExecutorService 'applicationTaskExecutor'
2019-06-20 21:21:40,016 INFO com.silver.bars.order.OrderApplication [restartedMain] Starting OrderApplication on DESKTOP-G2J4167 with PID 3776 (C:\eclipse-workspace\yordex_test\order\target\classes started by Mohit Goel in C:\eclipse-workspace\yordex_test\order)
2019-06-20 21:21:40,016 DEBUG com.silver.bars.order.OrderApplication [restartedMain] Running with Spring Boot v2.1.5.RELEASE, Spring v5.1.7.RELEASE
2019-06-20 21:21:40,016 INFO com.silver.bars.order.OrderApplication [restartedMain] No active profile set, falling back to default profiles: default
2019-06-20 21:21:41,012 INFO org.springframework.boot.web.embedded.tomcat.TomcatWebServer [restartedMain] Tomcat initialized with port(s): 8083 (http)
2019-06-20 21:21:41,103 INFO org.springframework.web.context.ContextLoader [restartedMain] Root WebApplicationContext: initialization completed in 1083 ms
2019-06-20 21:21:41,659 INFO org.springframework.scheduling.concurrent.ThreadPoolTaskExecutor [restartedMain] Initializing ExecutorService 'applicationTaskExecutor'
2019-06-20 21:21:41,675 INFO org.springframework.boot.devtools.autoconfigure.OptionalLiveReloadServer [restartedMain] LiveReload server is running on port 35729
2019-06-20 21:21:41,891 INFO org.springframework.boot.web.embedded.tomcat.TomcatWebServer [restartedMain] Tomcat started on port(s): 8083 (http) with context path ''
2019-06-20 21:21:41,891 INFO com.silver.bars.order.OrderApplication [restartedMain] Started OrderApplication in 1.927 seconds (JVM running for 245.809)
2019-06-20 21:21:41,895 INFO org.springframework.boot.devtools.autoconfigure.ConditionEvaluationDeltaLoggingListener [restartedMain] Condition evaluation unchanged
2019-06-20 21:21:51,599 INFO org.springframework.web.servlet.DispatcherServlet [http-nio-8083-exec-1] Initializing Servlet 'dispatcherServlet'
2019-06-20 21:21:51,628 INFO org.springframework.web.servlet.DispatcherServlet [http-nio-8083-exec-1] Completed initialization in 27 ms
2019-06-20 21:22:10,175 INFO com.silver.bars.aspect.LogModule$$EnhancerBySpringCGLIB$$b63ee7f8 [http-nio-8083-exec-7] Logging:::: Intercepted Before execution(BaseResponseBean com.silver.bars.controller.OrderRegistrationController.registerOrder(Order))
2019-06-20 21:22:10,188 INFO com.silver.bars.aspect.LogModule$$EnhancerBySpringCGLIB$$b63ee7f8 [http-nio-8083-exec-7] Time Taken by execution(BaseResponseBean com.silver.bars.controller.OrderRegistrationController.registerOrder(Order)) is 13
2019-06-20 21:22:10,192 INFO com.silver.bars.aspect.LogModule$$EnhancerBySpringCGLIB$$b63ee7f8 [http-nio-8083-exec-7] Logging:::: Intercepted After execution(BaseResponseBean com.silver.bars.controller.OrderRegistrationController.registerOrder(Order))
2019-06-20 21:22:21,919 INFO com.silver.bars.aspect.LogModule$$EnhancerBySpringCGLIB$$b63ee7f8 [http-nio-8083-exec-8] Logging:::: Intercepted Before execution(BaseResponseBean com.silver.bars.controller.OrderRegistrationController.registerOrder(Order))
2019-06-20 21:22:21,921 INFO com.silver.bars.aspect.LogModule$$EnhancerBySpringCGLIB$$b63ee7f8 [http-nio-8083-exec-8] Time Taken by execution(BaseResponseBean com.silver.bars.controller.OrderRegistrationController.registerOrder(Order)) is 2
2019-06-20 21:22:21,921 INFO com.silver.bars.aspect.LogModule$$EnhancerBySpringCGLIB$$b63ee7f8 [http-nio-8083-exec-8] Logging:::: Intercepted After execution(BaseResponseBean com.silver.bars.controller.OrderRegistrationController.registerOrder(Order))
2019-06-20 21:22:30,081 INFO com.silver.bars.aspect.LogModule$$EnhancerBySpringCGLIB$$b63ee7f8 [http-nio-8083-exec-9] Logging:::: Intercepted Before execution(BaseResponseBean com.silver.bars.controller.OrderRegistrationController.registerOrder(Order))
2019-06-20 21:22:30,085 INFO com.silver.bars.aspect.LogModule$$EnhancerBySpringCGLIB$$b63ee7f8 [http-nio-8083-exec-9] Time Taken by execution(BaseResponseBean com.silver.bars.controller.OrderRegistrationController.registerOrder(Order)) is 4
2019-06-20 21:22:30,086 INFO com.silver.bars.aspect.LogModule$$EnhancerBySpringCGLIB$$b63ee7f8 [http-nio-8083-exec-9] Logging:::: Intercepted After execution(BaseResponseBean com.silver.bars.controller.OrderRegistrationController.registerOrder(Order))
2019-06-20 21:22:48,497 INFO com.silver.bars.aspect.LogModule$$EnhancerBySpringCGLIB$$b63ee7f8 [http-nio-8083-exec-10] Logging:::: Intercepted Before execution(BaseResponseBean com.silver.bars.controller.OrderRegistrationController.registerOrder(Order))
2019-06-20 21:22:48,499 INFO com.silver.bars.aspect.LogModule$$EnhancerBySpringCGLIB$$b63ee7f8 [http-nio-8083-exec-10] Time Taken by execution(BaseResponseBean com.silver.bars.controller.OrderRegistrationController.registerOrder(Order)) is 2
2019-06-20 21:22:48,499 INFO com.silver.bars.aspect.LogModule$$EnhancerBySpringCGLIB$$b63ee7f8 [http-nio-8083-exec-10] Logging:::: Intercepted After execution(BaseResponseBean com.silver.bars.controller.OrderRegistrationController.registerOrder(Order))
2019-06-20 21:22:49,590 INFO com.silver.bars.aspect.LogModule$$EnhancerBySpringCGLIB$$b63ee7f8 [http-nio-8083-exec-1] Logging:::: Intercepted Before execution(BaseResponseBean com.silver.bars.controller.OrderRegistrationController.registerOrder(Order))
2019-06-20 21:22:49,592 INFO com.silver.bars.aspect.LogModule$$EnhancerBySpringCGLIB$$b63ee7f8 [http-nio-8083-exec-1] Time Taken by execution(BaseResponseBean com.silver.bars.controller.OrderRegistrationController.registerOrder(Order)) is 0
2019-06-20 21:22:49,594 INFO com.silver.bars.aspect.LogModule$$EnhancerBySpringCGLIB$$b63ee7f8 [http-nio-8083-exec-1] Logging:::: Intercepted After execution(BaseResponseBean com.silver.bars.controller.OrderRegistrationController.registerOrder(Order))
2019-06-20 21:23:39,773 INFO com.silver.bars.aspect.LogModule$$EnhancerBySpringCGLIB$$b63ee7f8 [http-nio-8083-exec-3] Logging:::: Intercepted Before execution(BaseResponseBean com.silver.bars.controller.OrderRegistrationController.registerOrder(Order))
2019-06-20 21:23:39,777 INFO com.silver.bars.aspect.LogModule$$EnhancerBySpringCGLIB$$b63ee7f8 [http-nio-8083-exec-3] Time Taken by execution(BaseResponseBean com.silver.bars.controller.OrderRegistrationController.registerOrder(Order)) is 4
2019-06-20 21:23:39,777 INFO com.silver.bars.aspect.LogModule$$EnhancerBySpringCGLIB$$b63ee7f8 [http-nio-8083-exec-3] Logging:::: Intercepted After execution(BaseResponseBean com.silver.bars.controller.OrderRegistrationController.registerOrder(Order))
2019-06-20 21:23:45,021 INFO com.silver.bars.aspect.LogModule$$EnhancerBySpringCGLIB$$b63ee7f8 [http-nio-8083-exec-4] Logging:::: Intercepted Before execution(BaseResponseBean com.silver.bars.controller.OrderCancelController.cancelOrder(String))
2019-06-20 21:23:45,031 INFO com.silver.bars.aspect.LogModule$$EnhancerBySpringCGLIB$$b63ee7f8 [http-nio-8083-exec-4] Logging:::: Intercepted After execution(BaseResponseBean com.silver.bars.controller.OrderCancelController.cancelOrder(String))
2019-06-20 21:23:45,031 DEBUG com.silver.bars.order.CustomizedResponseEntityExceptionHandler [http-nio-8083-exec-4] Application Encountered Error---------------------
2019-06-20 21:23:45,040 WARN org.springframework.web.servlet.mvc.method.annotation.ExceptionHandlerExceptionResolver [http-nio-8083-exec-4] Resolved [com.silver.bars.order.CustomException: Order Cancelled Failed]
2019-06-20 21:26:06,985 INFO com.silver.bars.aspect.LogModule$$EnhancerBySpringCGLIB$$b63ee7f8 [http-nio-8083-exec-6] Logging:::: Intercepted Before execution(BaseResponseBean com.silver.bars.controller.OrderRetrieveController.getAllOrders())
2019-06-20 21:26:07,002 INFO com.silver.bars.aspect.LogModule$$EnhancerBySpringCGLIB$$b63ee7f8 [http-nio-8083-exec-6] Time Taken by execution(BaseResponseBean com.silver.bars.controller.OrderRetrieveController.getAllOrders()) is 17
2019-06-20 21:26:07,002 INFO com.silver.bars.aspect.LogModule$$EnhancerBySpringCGLIB$$b63ee7f8 [http-nio-8083-exec-6] Logging:::: Intercepted After execution(BaseResponseBean com.silver.bars.controller.OrderRetrieveController.getAllOrders())
2019-06-20 21:29:25,444 INFO org.springframework.scheduling.concurrent.ThreadPoolTaskExecutor [Thread-19] Shutting down ExecutorService 'applicationTaskExecutor'
2019-06-20 21:29:25,972 INFO com.silver.bars.order.OrderApplication [restartedMain] Starting OrderApplication on DESKTOP-G2J4167 with PID 3776 (C:\eclipse-workspace\yordex_test\order\target\classes started by Mohit Goel in C:\eclipse-workspace\yordex_test\order)
2019-06-20 21:29:25,972 DEBUG com.silver.bars.order.OrderApplication [restartedMain] Running with Spring Boot v2.1.5.RELEASE, Spring v5.1.7.RELEASE
2019-06-20 21:29:25,972 INFO com.silver.bars.order.OrderApplication [restartedMain] No active profile set, falling back to default profiles: default
2019-06-20 21:29:26,879 INFO org.springframework.boot.web.embedded.tomcat.TomcatWebServer [restartedMain] Tomcat initialized with port(s): 8083 (http)
2019-06-20 21:29:26,948 INFO org.springframework.web.context.ContextLoader [restartedMain] Root WebApplicationContext: initialization completed in 972 ms
2019-06-20 21:29:27,448 INFO org.springframework.scheduling.concurrent.ThreadPoolTaskExecutor [restartedMain] Initializing ExecutorService 'applicationTaskExecutor'
2019-06-20 21:29:27,464 INFO org.springframework.boot.devtools.autoconfigure.OptionalLiveReloadServer [restartedMain] LiveReload server is running on port 35729
2019-06-20 21:29:27,640 INFO org.springframework.boot.web.embedded.tomcat.TomcatWebServer [restartedMain] Tomcat started on port(s): 8083 (http) with context path ''
2019-06-20 21:29:27,640 INFO com.silver.bars.order.OrderApplication [restartedMain] Started OrderApplication in 1.732 seconds (JVM running for 711.558)
2019-06-20 21:29:27,644 INFO org.springframework.boot.devtools.autoconfigure.ConditionEvaluationDeltaLoggingListener [restartedMain] Condition evaluation unchanged
2019-06-20 21:29:40,497 INFO org.springframework.scheduling.concurrent.ThreadPoolTaskExecutor [Thread-25] Shutting down ExecutorService 'applicationTaskExecutor'
2019-06-20 21:29:40,944 INFO com.silver.bars.order.OrderApplication [restartedMain] Starting OrderApplication on DESKTOP-G2J4167 with PID 3776 (C:\eclipse-workspace\yordex_test\order\target\classes started by Mohit Goel in C:\eclipse-workspace\yordex_test\order)
2019-06-20 21:29:40,944 DEBUG com.silver.bars.order.OrderApplication [restartedMain] Running with Spring Boot v2.1.5.RELEASE, Spring v5.1.7.RELEASE
2019-06-20 21:29:40,944 INFO com.silver.bars.order.OrderApplication [restartedMain] No active profile set, falling back to default profiles: default
2019-06-20 21:29:42,248 INFO org.springframework.boot.web.embedded.tomcat.TomcatWebServer [restartedMain] Tomcat initialized with port(s): 8083 (http)
2019-06-20 21:29:42,568 INFO org.springframework.web.context.ContextLoader [restartedMain] Root WebApplicationContext: initialization completed in 1620 ms
2019-06-20 21:29:43,480 INFO org.springframework.scheduling.concurrent.ThreadPoolTaskExecutor [restartedMain] Initializing ExecutorService 'applicationTaskExecutor'
2019-06-20 21:29:43,501 INFO org.springframework.boot.devtools.autoconfigure.OptionalLiveReloadServer [restartedMain] LiveReload server is running on port 35729
2019-06-20 21:29:43,729 INFO org.springframework.boot.web.embedded.tomcat.TomcatWebServer [restartedMain] Tomcat started on port(s): 8083 (http) with context path ''
2019-06-20 21:29:43,733 INFO com.silver.bars.order.OrderApplication [restartedMain] Started OrderApplication in 2.853 seconds (JVM running for 727.65)
2019-06-20 21:29:43,737 INFO org.springframework.boot.devtools.autoconfigure.ConditionEvaluationDeltaLoggingListener [restartedMain] Condition evaluation unchanged
2019-06-20 21:29:57,625 INFO org.springframework.scheduling.concurrent.ThreadPoolTaskExecutor [Thread-31] Shutting down ExecutorService 'applicationTaskExecutor'
2019-06-20 21:29:57,995 INFO com.silver.bars.order.OrderApplication [restartedMain] Starting OrderApplication on DESKTOP-G2J4167 with PID 3776 (C:\eclipse-workspace\yordex_test\order\target\classes started by Mohit Goel in C:\eclipse-workspace\yordex_test\order)
2019-06-20 21:29:57,995 DEBUG com.silver.bars.order.OrderApplication [restartedMain] Running with Spring Boot v2.1.5.RELEASE, Spring v5.1.7.RELEASE
2019-06-20 21:29:57,995 INFO com.silver.bars.order.OrderApplication [restartedMain] No active profile set, falling back to default profiles: default
2019-06-20 21:29:59,866 INFO org.springframework.boot.web.embedded.tomcat.TomcatWebServer [restartedMain] Tomcat initialized with port(s): 8083 (http)
2019-06-20 21:29:59,955 INFO org.springframework.web.context.ContextLoader [restartedMain] Root WebApplicationContext: initialization completed in 1956 ms
2019-06-20 21:30:00,458 INFO org.springframework.scheduling.concurrent.ThreadPoolTaskExecutor [restartedMain] Initializing ExecutorService 'applicationTaskExecutor'
2019-06-20 21:30:00,466 INFO org.springframework.boot.devtools.autoconfigure.OptionalLiveReloadServer [restartedMain] LiveReload server is running on port 35729
2019-06-20 21:30:00,642 INFO org.springframework.boot.web.embedded.tomcat.TomcatWebServer [restartedMain] Tomcat started on port(s): 8083 (http) with context path ''
2019-06-20 21:30:00,646 INFO com.silver.bars.order.OrderApplication [restartedMain] Started OrderApplication in 2.711 seconds (JVM running for 744.563)
2019-06-20 21:30:00,646 INFO org.springframework.boot.devtools.autoconfigure.ConditionEvaluationDeltaLoggingListener [restartedMain] Condition evaluation unchanged
2019-06-20 21:30:49,313 INFO org.springframework.web.servlet.DispatcherServlet [http-nio-8083-exec-1] Initializing Servlet 'dispatcherServlet'
2019-06-20 21:30:49,327 INFO org.springframework.web.servlet.DispatcherServlet [http-nio-8083-exec-1] Completed initialization in 11 ms
2019-06-20 21:31:13,703 INFO com.silver.bars.aspect.LogModule$$EnhancerBySpringCGLIB$$b63ee7f8 [http-nio-8083-exec-7] Logging:::: Intercepted Before execution(BaseResponseBean com.silver.bars.controller.OrderRegistrationController.registerOrder(Order))
2019-06-20 21:31:13,712 INFO com.silver.bars.aspect.LogModule$$EnhancerBySpringCGLIB$$b63ee7f8 [http-nio-8083-exec-7] Time Taken by execution(BaseResponseBean com.silver.bars.controller.OrderRegistrationController.registerOrder(Order)) is 9
2019-06-20 21:31:13,712 INFO com.silver.bars.aspect.LogModule$$EnhancerBySpringCGLIB$$b63ee7f8 [http-nio-8083-exec-7] Logging:::: Intercepted After execution(BaseResponseBean com.silver.bars.controller.OrderRegistrationController.registerOrder(Order))
2019-06-20 21:31:23,016 INFO com.silver.bars.aspect.LogModule$$EnhancerBySpringCGLIB$$b63ee7f8 [http-nio-8083-exec-8] Logging:::: Intercepted Before execution(BaseResponseBean com.silver.bars.controller.OrderRegistrationController.registerOrder(Order))
2019-06-20 21:31:23,018 INFO com.silver.bars.aspect.LogModule$$EnhancerBySpringCGLIB$$b63ee7f8 [http-nio-8083-exec-8] Time Taken by execution(BaseResponseBean com.silver.bars.controller.OrderRegistrationController.registerOrder(Order)) is 2
2019-06-20 21:31:23,018 INFO com.silver.bars.aspect.LogModule$$EnhancerBySpringCGLIB$$b63ee7f8 [http-nio-8083-exec-8] Logging:::: Intercepted After execution(BaseResponseBean com.silver.bars.controller.OrderRegistrationController.registerOrder(Order))
2019-06-20 21:31:34,081 INFO com.silver.bars.aspect.LogModule$$EnhancerBySpringCGLIB$$b63ee7f8 [http-nio-8083-exec-9] Logging:::: Intercepted Before execution(BaseResponseBean com.silver.bars.controller.OrderRegistrationController.registerOrder(Order))
2019-06-20 21:31:34,082 INFO com.silver.bars.aspect.LogModule$$EnhancerBySpringCGLIB$$b63ee7f8 [http-nio-8083-exec-9] Time Taken by execution(BaseResponseBean com.silver.bars.controller.OrderRegistrationController.registerOrder(Order)) is 1
2019-06-20 21:31:34,082 INFO com.silver.bars.aspect.LogModule$$EnhancerBySpringCGLIB$$b63ee7f8 [http-nio-8083-exec-9] Logging:::: Intercepted After execution(BaseResponseBean com.silver.bars.controller.OrderRegistrationController.registerOrder(Order))
2019-06-20 21:31:43,787 INFO com.silver.bars.aspect.LogModule$$EnhancerBySpringCGLIB$$b63ee7f8 [http-nio-8083-exec-10] Logging:::: Intercepted Before execution(BaseResponseBean com.silver.bars.controller.OrderRegistrationController.registerOrder(Order))
2019-06-20 21:31:43,789 INFO com.silver.bars.aspect.LogModule$$EnhancerBySpringCGLIB$$b63ee7f8 [http-nio-8083-exec-10] Time Taken by execution(BaseResponseBean com.silver.bars.controller.OrderRegistrationController.registerOrder(Order)) is 2
2019-06-20 21:31:43,789 INFO com.silver.bars.aspect.LogModule$$EnhancerBySpringCGLIB$$b63ee7f8 [http-nio-8083-exec-10] Logging:::: Intercepted After execution(BaseResponseBean com.silver.bars.controller.OrderRegistrationController.registerOrder(Order))
2019-06-20 21:31:55,191 INFO com.silver.bars.aspect.LogModule$$EnhancerBySpringCGLIB$$b63ee7f8 [http-nio-8083-exec-2] Logging:::: Intercepted Before execution(BaseResponseBean com.silver.bars.controller.OrderRetrieveController.getAllOrders())
2019-06-20 21:31:55,218 INFO com.silver.bars.aspect.LogModule$$EnhancerBySpringCGLIB$$b63ee7f8 [http-nio-8083-exec-2] Time Taken by execution(BaseResponseBean com.silver.bars.controller.OrderRetrieveController.getAllOrders()) is 27
2019-06-20 21:31:55,218 INFO com.silver.bars.aspect.LogModule$$EnhancerBySpringCGLIB$$b63ee7f8 [http-nio-8083-exec-2] Logging:::: Intercepted After execution(BaseResponseBean com.silver.bars.controller.OrderRetrieveController.getAllOrders())
2019-06-20 22:11:35,367 INFO org.springframework.scheduling.concurrent.ThreadPoolTaskExecutor [Thread-37] Shutting down ExecutorService 'applicationTaskExecutor'
2019-06-20 22:11:36,004 INFO com.silver.bars.order.OrderApplication [restartedMain] Starting OrderApplication on DESKTOP-G2J4167 with PID 3776 (C:\eclipse-workspace\yordex_test\order\target\classes started by Mohit Goel in C:\eclipse-workspace\yordex_test\order)
2019-06-20 22:11:36,004 DEBUG com.silver.bars.order.OrderApplication [restartedMain] Running with Spring Boot v2.1.5.RELEASE, Spring v5.1.7.RELEASE
2019-06-20 22:11:36,004 INFO com.silver.bars.order.OrderApplication [restartedMain] No active profile set, falling back to default profiles: default
2019-06-20 22:11:38,372 INFO org.springframework.boot.web.embedded.tomcat.TomcatWebServer [restartedMain] Tomcat initialized with port(s): 8083 (http)
2019-06-20 22:11:38,445 INFO org.springframework.web.context.ContextLoader [restartedMain] Root WebApplicationContext: initialization completed in 2437 ms
2019-06-20 22:11:39,620 INFO org.springframework.scheduling.concurrent.ThreadPoolTaskExecutor [restartedMain] Initializing ExecutorService 'applicationTaskExecutor'
2019-06-20 22:11:39,641 INFO org.springframework.boot.devtools.autoconfigure.OptionalLiveReloadServer [restartedMain] LiveReload server is running on port 35729
2019-06-20 22:11:39,909 INFO org.springframework.boot.web.embedded.tomcat.TomcatWebServer [restartedMain] Tomcat started on port(s): 8083 (http) with context path ''
2019-06-20 22:11:39,913 INFO com.silver.bars.order.OrderApplication [restartedMain] Started OrderApplication in 3.993 seconds (JVM running for 3243.83)
2019-06-20 22:11:39,913 INFO org.springframework.boot.devtools.autoconfigure.ConditionEvaluationDeltaLoggingListener [restartedMain] Condition evaluation unchanged
2019-06-20 22:16:00,705 INFO org.springframework.scheduling.concurrent.ThreadPoolTaskExecutor [Thread-43] Shutting down ExecutorService 'applicationTaskExecutor'
2019-06-20 22:16:01,630 INFO com.silver.bars.order.OrderApplication [restartedMain] Starting OrderApplication on DESKTOP-G2J4167 with PID 3776 (C:\eclipse-workspace\yordex_test\order\target\classes started by Mohit Goel in C:\eclipse-workspace\yordex_test\order)
2019-06-20 22:16:01,630 DEBUG com.silver.bars.order.OrderApplication [restartedMain] Running with Spring Boot v2.1.5.RELEASE, Spring v5.1.7.RELEASE
2019-06-20 22:16:01,630 INFO com.silver.bars.order.OrderApplication [restartedMain] No active profile set, falling back to default profiles: default
2019-06-20 22:16:02,522 INFO org.springframework.boot.web.embedded.tomcat.TomcatWebServer [restartedMain] Tomcat initialized with port(s): 8083 (http)
2019-06-20 22:16:02,572 INFO org.springframework.web.context.ContextLoader [restartedMain] Root WebApplicationContext: initialization completed in 938 ms
2019-06-20 22:16:02,956 INFO org.springframework.scheduling.concurrent.ThreadPoolTaskExecutor [restartedMain] Initializing ExecutorService 'applicationTaskExecutor'
2019-06-20 22:16:02,972 INFO org.springframework.boot.devtools.autoconfigure.OptionalLiveReloadServer [restartedMain] LiveReload server is running on port 35729
2019-06-20 22:16:03,284 INFO org.springframework.boot.web.embedded.tomcat.TomcatWebServer [restartedMain] Tomcat started on port(s): 8083 (http) with context path ''
2019-06-20 22:16:03,284 INFO com.silver.bars.order.OrderApplication [restartedMain] Started OrderApplication in 1.746 seconds (JVM running for 3507.203)
2019-06-20 22:16:03,288 INFO org.springframework.boot.devtools.autoconfigure.ConditionEvaluationDeltaLoggingListener [restartedMain] Condition evaluation unchanged
2019-06-20 22:19:43,201 INFO org.springframework.scheduling.concurrent.ThreadPoolTaskExecutor [Thread-49] Shutting down ExecutorService 'applicationTaskExecutor'
2019-06-20 22:19:43,654 INFO com.silver.bars.order.OrderApplication [restartedMain] Starting OrderApplication on DESKTOP-G2J4167 with PID 3776 (C:\eclipse-workspace\yordex_test\order\target\classes started by Mohit Goel in C:\eclipse-workspace\yordex_test\order)
2019-06-20 22:19:43,654 DEBUG com.silver.bars.order.OrderApplication [restartedMain] Running with Spring Boot v2.1.5.RELEASE, Spring v5.1.7.RELEASE
2019-06-20 22:19:43,654 INFO com.silver.bars.order.OrderApplication [restartedMain] No active profile set, falling back to default profiles: default
2019-06-20 22:19:44,453 INFO org.springframework.boot.web.embedded.tomcat.TomcatWebServer [restartedMain] Tomcat initialized with port(s): 8083 (http)
2019-06-20 22:19:44,561 INFO org.springframework.web.context.ContextLoader [restartedMain] Root WebApplicationContext: initialization completed in 903 ms
2019-06-20 22:19:45,017 INFO org.springframework.scheduling.concurrent.ThreadPoolTaskExecutor [restartedMain] Initializing ExecutorService 'applicationTaskExecutor'
2019-06-20 22:19:45,029 INFO org.springframework.boot.devtools.autoconfigure.OptionalLiveReloadServer [restartedMain] LiveReload server is running on port 35729
2019-06-20 22:19:45,205 INFO org.springframework.boot.web.embedded.tomcat.TomcatWebServer [restartedMain] Tomcat started on port(s): 8083 (http) with context path ''
2019-06-20 22:19:45,205 INFO com.silver.bars.order.OrderApplication [restartedMain] Started OrderApplication in 1.599 seconds (JVM running for 3729.124)
2019-06-20 22:19:45,209 INFO org.springframework.boot.devtools.autoconfigure.ConditionEvaluationDeltaLoggingListener [restartedMain] Condition evaluation unchanged
2019-06-20 22:20:35,802 INFO org.springframework.web.servlet.DispatcherServlet [http-nio-8083-exec-1] Initializing Servlet 'dispatcherServlet'
2019-06-20 22:20:35,820 INFO org.springframework.web.servlet.DispatcherServlet [http-nio-8083-exec-1] Completed initialization in 16 ms
2019-06-20 22:20:44,188 INFO com.silver.bars.aspect.LogModule$$EnhancerBySpringCGLIB$$b63ee7f8 [http-nio-8083-exec-6] Logging:::: Intercepted Before execution(BaseResponseBean com.silver.bars.controller.OrderRetrieveController.getAllOrders())
2019-06-20 22:20:44,207 INFO com.silver.bars.aspect.LogModule$$EnhancerBySpringCGLIB$$b63ee7f8 [http-nio-8083-exec-6] Time Taken by execution(BaseResponseBean com.silver.bars.controller.OrderRetrieveController.getAllOrders()) is 19
2019-06-20 22:20:44,207 INFO com.silver.bars.aspect.LogModule$$EnhancerBySpringCGLIB$$b63ee7f8 [http-nio-8083-exec-6] Logging:::: Intercepted After execution(BaseResponseBean com.silver.bars.controller.OrderRetrieveController.getAllOrders())
2019-06-20 22:21:08,681 INFO com.silver.bars.aspect.LogModule$$EnhancerBySpringCGLIB$$b63ee7f8 [http-nio-8083-exec-7] Logging:::: Intercepted Before execution(BaseResponseBean com.silver.bars.controller.OrderRegistrationController.registerOrder(Order))
2019-06-20 22:21:08,695 INFO com.silver.bars.aspect.LogModule$$EnhancerBySpringCGLIB$$b63ee7f8 [http-nio-8083-exec-7] Time Taken by execution(BaseResponseBean com.silver.bars.controller.OrderRegistrationController.registerOrder(Order)) is 14
2019-06-20 22:21:08,695 INFO com.silver.bars.aspect.LogModule$$EnhancerBySpringCGLIB$$b63ee7f8 [http-nio-8083-exec-7] Logging:::: Intercepted After execution(BaseResponseBean com.silver.bars.controller.OrderRegistrationController.registerOrder(Order))
2019-06-20 22:22:31,951 INFO com.silver.bars.aspect.LogModule$$EnhancerBySpringCGLIB$$b63ee7f8 [http-nio-8083-exec-10] Logging:::: Intercepted Before execution(BaseResponseBean com.silver.bars.controller.OrderRegistrationController.registerOrder(Order))
2019-06-20 22:22:31,951 INFO com.silver.bars.aspect.LogModule$$EnhancerBySpringCGLIB$$b63ee7f8 [http-nio-8083-exec-10] Time Taken by execution(BaseResponseBean com.silver.bars.controller.OrderRegistrationController.registerOrder(Order)) is 0
2019-06-20 22:22:31,955 INFO com.silver.bars.aspect.LogModule$$EnhancerBySpringCGLIB$$b63ee7f8 [http-nio-8083-exec-10] Logging:::: Intercepted After execution(BaseResponseBean com.silver.bars.controller.OrderRegistrationController.registerOrder(Order))
2019-06-20 22:27:37,759 INFO com.silver.bars.order.OrderApplication [restartedMain] Starting OrderApplication on DESKTOP-G2J4167 with PID 6508 (C:\eclipse-workspace\yordex_test\order\target\classes started by Mohit Goel in C:\eclipse-workspace\yordex_test\order)
2019-06-20 22:27:37,767 DEBUG com.silver.bars.order.OrderApplication [restartedMain] Running with Spring Boot v2.1.5.RELEASE, Spring v5.1.7.RELEASE
2019-06-20 22:27:37,767 INFO com.silver.bars.order.OrderApplication [restartedMain] No active profile set, falling back to default profiles: default
2019-06-20 22:27:37,867 INFO org.springframework.boot.devtools.env.DevToolsPropertyDefaultsPostProcessor [restartedMain] Devtools property defaults active! Set 'spring.devtools.add-properties' to 'false' to disable
2019-06-20 22:27:37,871 INFO org.springframework.boot.devtools.env.DevToolsPropertyDefaultsPostProcessor [restartedMain] For additional web related logging consider setting the 'logging.level.web' property to 'DEBUG'
2019-06-20 22:27:42,400 INFO org.springframework.boot.web.embedded.tomcat.TomcatWebServer [restartedMain] Tomcat initialized with port(s): 8083 (http)
2019-06-20 22:27:42,939 INFO org.springframework.web.context.ContextLoader [restartedMain] Root WebApplicationContext: initialization completed in 5068 ms
2019-06-20 22:27:44,789 INFO org.springframework.scheduling.concurrent.ThreadPoolTaskExecutor [restartedMain] Initializing ExecutorService 'applicationTaskExecutor'
2019-06-20 22:27:44,866 INFO org.springframework.boot.devtools.autoconfigure.OptionalLiveReloadServer [restartedMain] LiveReload server is running on port 35729
2019-06-20 22:27:47,413 INFO org.springframework.boot.web.embedded.tomcat.TomcatWebServer [restartedMain] Tomcat started on port(s): 8083 (http) with context path ''
2019-06-20 22:27:47,417 INFO com.silver.bars.order.OrderApplication [restartedMain] Started OrderApplication in 10.584 seconds (JVM running for 11.544)
2019-06-20 22:27:47,885 INFO org.springframework.web.servlet.DispatcherServlet [http-nio-8083-exec-1] Initializing Servlet 'dispatcherServlet'
2019-06-20 22:27:47,933 INFO org.springframework.web.servlet.DispatcherServlet [http-nio-8083-exec-1] Completed initialization in 48 ms
2019-06-20 22:28:18,378 INFO com.silver.bars.aspect.LogModule$$EnhancerBySpringCGLIB$$cef08c38 [http-nio-8083-exec-7] Logging:::: Intercepted Before execution(BaseResponseBean com.silver.bars.controller.OrderRetrieveController.buyOrders())
2019-06-20 22:28:18,430 INFO com.silver.bars.aspect.LogModule$$EnhancerBySpringCGLIB$$cef08c38 [http-nio-8083-exec-7] Time Taken by execution(BaseResponseBean com.silver.bars.controller.OrderRetrieveController.buyOrders()) is 56
2019-06-20 22:28:18,433 INFO com.silver.bars.aspect.LogModule$$EnhancerBySpringCGLIB$$cef08c38 [http-nio-8083-exec-7] Logging:::: Intercepted After execution(BaseResponseBean com.silver.bars.controller.OrderRetrieveController.buyOrders())
2019-06-20 22:28:32,718 INFO com.silver.bars.aspect.LogModule$$EnhancerBySpringCGLIB$$cef08c38 [http-nio-8083-exec-8] Logging:::: Intercepted Before execution(BaseResponseBean com.silver.bars.controller.OrderCancelController.cancelOrder(String))
2019-06-20 22:28:32,754 INFO com.silver.bars.aspect.LogModule$$EnhancerBySpringCGLIB$$cef08c38 [http-nio-8083-exec-8] Logging:::: Intercepted After execution(BaseResponseBean com.silver.bars.controller.OrderCancelController.cancelOrder(String))
2019-06-20 22:28:32,762 DEBUG com.silver.bars.order.CustomizedResponseEntityExceptionHandler [http-nio-8083-exec-8] Application Encountered Error---------------------
2019-06-20 22:28:32,791 WARN org.springframework.web.servlet.mvc.method.annotation.ExceptionHandlerExceptionResolver [http-nio-8083-exec-8] Resolved [com.silver.bars.order.CustomException: Order Cancelled Failed]
2019-06-20 22:28:57,117 INFO com.silver.bars.aspect.LogModule$$EnhancerBySpringCGLIB$$cef08c38 [http-nio-8083-exec-10] Logging:::: Intercepted Before execution(BaseResponseBean com.silver.bars.controller.OrderRegistrationController.registerOrder(Order))
2019-06-20 22:28:57,131 INFO com.silver.bars.aspect.LogModule$$EnhancerBySpringCGLIB$$cef08c38 [http-nio-8083-exec-10] Time Taken by execution(BaseResponseBean com.silver.bars.controller.OrderRegistrationController.registerOrder(Order)) is 14
2019-06-20 22:28:57,131 INFO com.silver.bars.aspect.LogModule$$EnhancerBySpringCGLIB$$cef08c38 [http-nio-8083-exec-10] Logging:::: Intercepted After execution(BaseResponseBean com.silver.bars.controller.OrderRegistrationController.registerOrder(Order))
2019-06-20 22:29:06,633 INFO com.silver.bars.aspect.LogModule$$EnhancerBySpringCGLIB$$cef08c38 [http-nio-8083-exec-1] Logging:::: Intercepted Before execution(BaseResponseBean com.silver.bars.controller.OrderRegistrationController.registerOrder(Order))
2019-06-20 22:29:06,634 INFO com.silver.bars.aspect.LogModule$$EnhancerBySpringCGLIB$$cef08c38 [http-nio-8083-exec-1] Time Taken by execution(BaseResponseBean com.silver.bars.controller.OrderRegistrationController.registerOrder(Order)) is 1
2019-06-20 22:29:06,634 INFO com.silver.bars.aspect.LogModule$$EnhancerBySpringCGLIB$$cef08c38 [http-nio-8083-exec-1] Logging:::: Intercepted After execution(BaseResponseBean com.silver.bars.controller.OrderRegistrationController.registerOrder(Order))
2019-06-20 22:29:15,757 INFO com.silver.bars.aspect.LogModule$$EnhancerBySpringCGLIB$$cef08c38 [http-nio-8083-exec-3] Logging:::: Intercepted Before execution(BaseResponseBean com.silver.bars.controller.OrderRegistrationController.registerOrder(Order))
2019-06-20 22:29:15,761 INFO com.silver.bars.aspect.LogModule$$EnhancerBySpringCGLIB$$cef08c38 [http-nio-8083-exec-3] Time Taken by execution(BaseResponseBean com.silver.bars.controller.OrderRegistrationController.registerOrder(Order)) is 4
2019-06-20 22:29:15,761 INFO com.silver.bars.aspect.LogModule$$EnhancerBySpringCGLIB$$cef08c38 [http-nio-8083-exec-3] Logging:::: Intercepted After execution(BaseResponseBean com.silver.bars.controller.OrderRegistrationController.registerOrder(Order))
2019-06-20 22:31:18,897 INFO com.silver.bars.aspect.LogModule$$EnhancerBySpringCGLIB$$cef08c38 [http-nio-8083-exec-4] Logging:::: Intercepted Before execution(BaseResponseBean com.silver.bars.controller.OrderRetrieveController.getAllOrders())
2019-06-20 22:31:18,901 INFO com.silver.bars.aspect.LogModule$$EnhancerBySpringCGLIB$$cef08c38 [http-nio-8083-exec-4] Time Taken by execution(BaseResponseBean com.silver.bars.controller.OrderRetrieveController.getAllOrders()) is 4
2019-06-20 22:31:18,901 INFO com.silver.bars.aspect.LogModule$$EnhancerBySpringCGLIB$$cef08c38 [http-nio-8083-exec-4] Logging:::: Intercepted After execution(BaseResponseBean com.silver.bars.controller.OrderRetrieveController.getAllOrders())
2019-06-20 22:32:43,527 INFO com.silver.bars.aspect.LogModule$$EnhancerBySpringCGLIB$$cef08c38 [http-nio-8083-exec-6] Logging:::: Intercepted Before execution(BaseResponseBean com.silver.bars.controller.OrderRegistrationController.registerOrder(Order))
2019-06-20 22:32:43,530 INFO com.silver.bars.aspect.LogModule$$EnhancerBySpringCGLIB$$cef08c38 [http-nio-8083-exec-6] Time Taken by execution(BaseResponseBean com.silver.bars.controller.OrderRegistrationController.registerOrder(Order)) is 3
2019-06-20 22:32:43,531 INFO com.silver.bars.aspect.LogModule$$EnhancerBySpringCGLIB$$cef08c38 [http-nio-8083-exec-6] Logging:::: Intercepted After execution(BaseResponseBean com.silver.bars.controller.OrderRegistrationController.registerOrder(Order))
2019-06-20 22:32:56,604 INFO com.silver.bars.aspect.LogModule$$EnhancerBySpringCGLIB$$cef08c38 [http-nio-8083-exec-7] Logging:::: Intercepted Before execution(BaseResponseBean com.silver.bars.controller.OrderRetrieveController.getAllOrders())
2019-06-20 22:32:56,608 INFO com.silver.bars.aspect.LogModule$$EnhancerBySpringCGLIB$$cef08c38 [http-nio-8083-exec-7] Time Taken by execution(BaseResponseBean com.silver.bars.controller.OrderRetrieveController.getAllOrders()) is 4
2019-06-20 22:32:56,609 INFO com.silver.bars.aspect.LogModule$$EnhancerBySpringCGLIB$$cef08c38 [http-nio-8083-exec-7] Logging:::: Intercepted After execution(BaseResponseBean com.silver.bars.controller.OrderRetrieveController.getAllOrders())
2019-06-20 22:34:52,073 INFO com.silver.bars.aspect.LogModule$$EnhancerBySpringCGLIB$$cef08c38 [http-nio-8083-exec-9] Logging:::: Intercepted Before execution(BaseResponseBean com.silver.bars.controller.OrderRetrieveController.sellOrders())
2019-06-20 22:34:52,077 INFO com.silver.bars.aspect.LogModule$$EnhancerBySpringCGLIB$$cef08c38 [http-nio-8083-exec-9] Time Taken by execution(BaseResponseBean com.silver.bars.controller.OrderRetrieveController.sellOrders()) is 4
2019-06-20 22:34:52,079 INFO com.silver.bars.aspect.LogModule$$EnhancerBySpringCGLIB$$cef08c38 [http-nio-8083-exec-9] Logging:::: Intercepted After execution(BaseResponseBean com.silver.bars.controller.OrderRetrieveController.sellOrders())
2019-06-20 22:35:32,957 INFO com.silver.bars.aspect.LogModule$$EnhancerBySpringCGLIB$$cef08c38 [http-nio-8083-exec-10] Logging:::: Intercepted Before execution(BaseResponseBean com.silver.bars.controller.OrderRetrieveController.buyOrders())
2019-06-20 22:35:32,965 INFO com.silver.bars.aspect.LogModule$$EnhancerBySpringCGLIB$$cef08c38 [http-nio-8083-exec-10] Time Taken by execution(BaseResponseBean com.silver.bars.controller.OrderRetrieveController.buyOrders()) is 8
2019-06-20 22:35:32,968 INFO com.silver.bars.aspect.LogModule$$EnhancerBySpringCGLIB$$cef08c38 [http-nio-8083-exec-10] Logging:::: Intercepted After execution(BaseResponseBean com.silver.bars.controller.OrderRetrieveController.buyOrders())
2019-06-20 22:36:02,176 INFO com.silver.bars.aspect.LogModule$$EnhancerBySpringCGLIB$$cef08c38 [http-nio-8083-exec-1] Logging:::: Intercepted Before execution(BaseResponseBean com.silver.bars.controller.OrderCancelController.cancelOrder(String))
2019-06-20 22:36:02,176 INFO com.silver.bars.aspect.LogModule$$EnhancerBySpringCGLIB$$cef08c38 [http-nio-8083-exec-1] Time Taken by execution(BaseResponseBean com.silver.bars.controller.OrderCancelController.cancelOrder(String)) is 0
2019-06-20 22:36:02,180 INFO com.silver.bars.aspect.LogModule$$EnhancerBySpringCGLIB$$cef08c38 [http-nio-8083-exec-1] Logging:::: Intercepted After execution(BaseResponseBean com.silver.bars.controller.OrderCancelController.cancelOrder(String))
2019-06-20 22:37:18,658 INFO com.silver.bars.aspect.LogModule$$EnhancerBySpringCGLIB$$cef08c38 [http-nio-8083-exec-2] Logging:::: Intercepted Before execution(BaseResponseBean com.silver.bars.controller.OrderCancelController.cancelOrder(String))
2019-06-20 22:37:18,659 INFO com.silver.bars.aspect.LogModule$$EnhancerBySpringCGLIB$$cef08c38 [http-nio-8083-exec-2] Logging:::: Intercepted After execution(BaseResponseBean com.silver.bars.controller.OrderCancelController.cancelOrder(String))
2019-06-20 22:37:18,659 DEBUG com.silver.bars.order.CustomizedResponseEntityExceptionHandler [http-nio-8083-exec-2] Application Encountered Error---------------------
2019-06-20 22:37:18,665 WARN org.springframework.web.servlet.mvc.method.annotation.ExceptionHandlerExceptionResolver [http-nio-8083-exec-2] Resolved [com.silver.bars.order.CustomException: Order Cancelled Failed]
2019-06-20 22:38:55,097 INFO com.silver.bars.aspect.LogModule$$EnhancerBySpringCGLIB$$cef08c38 [http-nio-8083-exec-5] Logging:::: Intercepted Before execution(BaseResponseBean com.silver.bars.controller.OrderCancelController.cancelOrder(String))
2019-06-20 22:38:55,100 INFO com.silver.bars.aspect.LogModule$$EnhancerBySpringCGLIB$$cef08c38 [http-nio-8083-exec-5] Logging:::: Intercepted After execution(BaseResponseBean com.silver.bars.controller.OrderCancelController.cancelOrder(String))
2019-06-20 22:38:55,101 DEBUG com.silver.bars.order.CustomizedResponseEntityExceptionHandler [http-nio-8083-exec-5] Application Encountered Error---------------------
2019-06-20 22:38:55,112 WARN org.springframework.web.servlet.mvc.method.annotation.ExceptionHandlerExceptionResolver [http-nio-8083-exec-5] Resolved [com.silver.bars.order.CustomException: Order Cancelled Failed]
2019-06-20 23:10:41,688 INFO com.silver.bars.order.OrderApplication [restartedMain] Starting OrderApplication on DESKTOP-G2J4167 with PID 29252 (C:\eclipse-workspace\yordex_test\order\target\classes started by Mohit Goel in C:\eclipse-workspace\yordex_test\order)
2019-06-20 23:10:41,694 DEBUG com.silver.bars.order.OrderApplication [restartedMain] Running with Spring Boot v2.1.5.RELEASE, Spring v5.1.7.RELEASE
2019-06-20 23:10:41,695 INFO com.silver.bars.order.OrderApplication [restartedMain] No active profile set, falling back to default profiles: default
2019-06-20 23:10:41,784 INFO org.springframework.boot.devtools.env.DevToolsPropertyDefaultsPostProcessor [restartedMain] Devtools property defaults active! Set 'spring.devtools.add-properties' to 'false' to disable
2019-06-20 23:10:41,784 INFO org.springframework.boot.devtools.env.DevToolsPropertyDefaultsPostProcessor [restartedMain] For additional web related logging consider setting the 'logging.level.web' property to 'DEBUG'
2019-06-20 23:10:46,055 INFO org.springframework.boot.web.embedded.tomcat.TomcatWebServer [restartedMain] Tomcat initialized with port(s): 8083 (http)
2019-06-20 23:10:46,563 INFO org.springframework.web.context.ContextLoader [restartedMain] Root WebApplicationContext: initialization completed in 4779 ms
2019-06-20 23:10:48,217 INFO org.springframework.scheduling.concurrent.ThreadPoolTaskExecutor [restartedMain] Initializing ExecutorService 'applicationTaskExecutor'
2019-06-20 23:10:48,282 INFO org.springframework.boot.devtools.autoconfigure.OptionalLiveReloadServer [restartedMain] LiveReload server is running on port 35729
2019-06-20 23:10:49,073 INFO org.springframework.boot.web.embedded.tomcat.TomcatWebServer [restartedMain] Tomcat started on port(s): 8083 (http) with context path ''
2019-06-20 23:10:49,078 INFO com.silver.bars.order.OrderApplication [restartedMain] Started OrderApplication in 8.216 seconds (JVM running for 9.057)
2019-06-20 23:11:00,703 INFO org.springframework.web.servlet.DispatcherServlet [http-nio-8083-exec-1] Initializing Servlet 'dispatcherServlet'
2019-06-20 23:11:00,765 INFO org.springframework.web.servlet.DispatcherServlet [http-nio-8083-exec-1] Completed initialization in 61 ms
2019-06-20 23:11:10,617 INFO com.silver.bars.aspect.LogModule$$EnhancerBySpringCGLIB$$2eb9ffa [http-nio-8083-exec-7] Logging:::: Intercepted Before execution(BaseResponseBean com.silver.bars.controller.OrderCancelController.cancelOrder(String))
2019-06-20 23:11:10,634 INFO com.silver.bars.aspect.LogModule$$EnhancerBySpringCGLIB$$2eb9ffa [http-nio-8083-exec-7] Logging:::: Intercepted After execution(BaseResponseBean com.silver.bars.controller.OrderCancelController.cancelOrder(String))
2019-06-20 23:11:10,637 DEBUG com.silver.bars.order.CustomizedResponseEntityExceptionHandler [http-nio-8083-exec-7] Application Encountered Error---------------------
2019-06-20 23:11:10,651 WARN org.springframework.web.servlet.mvc.method.annotation.ExceptionHandlerExceptionResolver [http-nio-8083-exec-7] Resolved [com.silver.bars.order.CustomException: Order Cancelled Failed]
2019-06-20 23:12:58,598 INFO com.silver.bars.order.OrderApplication [restartedMain] Starting OrderApplication on DESKTOP-G2J4167 with PID 7652 (C:\eclipse-workspace\yordex_test\order\target\classes started by Mohit Goel in C:\eclipse-workspace\yordex_test\order)
2019-06-20 23:12:58,603 DEBUG com.silver.bars.order.OrderApplication [restartedMain] Running with Spring Boot v2.1.5.RELEASE, Spring v5.1.7.RELEASE
2019-06-20 23:12:58,604 INFO com.silver.bars.order.OrderApplication [restartedMain] No active profile set, falling back to default profiles: default
2019-06-20 23:12:58,733 INFO org.springframework.boot.devtools.env.DevToolsPropertyDefaultsPostProcessor [restartedMain] Devtools property defaults active! Set 'spring.devtools.add-properties' to 'false' to disable
2019-06-20 23:12:58,734 INFO org.springframework.boot.devtools.env.DevToolsPropertyDefaultsPostProcessor [restartedMain] For additional web related logging consider setting the 'logging.level.web' property to 'DEBUG'
2019-06-20 23:13:02,733 INFO org.springframework.boot.web.embedded.tomcat.TomcatWebServer [restartedMain] Tomcat initialized with port(s): 8083 (http)
2019-06-20 23:13:03,178 INFO org.springframework.web.context.ContextLoader [restartedMain] Root WebApplicationContext: initialization completed in 4443 ms
2019-06-20 23:13:04,830 INFO org.springframework.scheduling.concurrent.ThreadPoolTaskExecutor [restartedMain] Initializing ExecutorService 'applicationTaskExecutor'
2019-06-20 23:13:04,907 INFO org.springframework.boot.devtools.autoconfigure.OptionalLiveReloadServer [restartedMain] LiveReload server is running on port 35729
2019-06-20 23:13:05,731 INFO org.springframework.boot.web.embedded.tomcat.TomcatWebServer [restartedMain] Tomcat started on port(s): 8083 (http) with context path ''
2019-06-20 23:13:05,736 INFO com.silver.bars.order.OrderApplication [restartedMain] Started OrderApplication in 7.962 seconds (JVM running for 8.781)
2019-06-20 23:13:34,410 INFO org.springframework.web.servlet.DispatcherServlet [http-nio-8083-exec-1] Initializing Servlet 'dispatcherServlet'
2019-06-20 23:13:34,452 INFO org.springframework.web.servlet.DispatcherServlet [http-nio-8083-exec-1] Completed initialization in 42 ms
2019-06-20 23:13:34,568 INFO com.silver.bars.aspect.LogModule$$EnhancerBySpringCGLIB$$640e79e1 [http-nio-8083-exec-1] Logging:::: Intercepted Before execution(BaseResponseBean com.silver.bars.controller.OrderCancelController.cancelOrder(String))
2019-06-20 23:13:34,590 INFO com.silver.bars.aspect.LogModule$$EnhancerBySpringCGLIB$$640e79e1 [http-nio-8083-exec-1] Logging:::: Intercepted After execution(BaseResponseBean com.silver.bars.controller.OrderCancelController.cancelOrder(String))
2019-06-20 23:13:34,595 DEBUG com.silver.bars.order.CustomizedResponseEntityExceptionHandler [http-nio-8083-exec-1] Application Encountered Error---------------------
2019-06-20 23:13:34,697 WARN org.springframework.web.servlet.mvc.method.annotation.ExceptionHandlerExceptionResolver [http-nio-8083-exec-1] Resolved [com.silver.bars.order.CustomException: Order Cancelled Failed]
2019-06-20 23:18:04,356 INFO com.silver.bars.order.OrderApplicationTests [main] Starting OrderApplicationTests on DESKTOP-G2J4167 with PID 30680 (started by Mohit Goel in C:\eclipse-workspace\yordex_test\order)
2019-06-20 23:18:04,359 DEBUG com.silver.bars.order.OrderApplicationTests [main] Running with Spring Boot v2.1.5.RELEASE, Spring v5.1.7.RELEASE
2019-06-20 23:18:04,364 INFO com.silver.bars.order.OrderApplicationTests [main] No active profile set, falling back to default profiles: default
2019-06-20 23:18:11,350 INFO org.springframework.scheduling.concurrent.ThreadPoolTaskExecutor [main] Initializing ExecutorService 'applicationTaskExecutor'
2019-06-20 23:18:12,486 INFO com.silver.bars.order.OrderApplicationTests [main] Started OrderApplicationTests in 9.387 seconds (JVM running for 12.416)
2019-06-20 23:18:13,074 DEBUG com.silver.bars.order.OrderDataStoreTest [main] ValidateExpectedBUYSortOrder:[Order:1.9 kg for 1000 //order b, Order:1.1 kg for 100 //order a, Order:2.4 kg for 50 //orderd + ordere, Order:1.5 kg for 10 //order c]
2019-06-20 23:18:13,079 DEBUG com.silver.bars.order.OrderDataStoreTest [main] ValidateExpecteSELLAndBUYCountRetrieve:[Order:2.7 kg for 310 //orderf + orderg, Order:2.0 kg for 308 //order h, Order:3.5 kg for 306 //order e, Order:5.5 kg for 306 //ordera + orderd, Order:1.5 kg for 307 //order c, Order:1.2 kg for 310 //order b]
2019-06-20 23:18:13,083 DEBUG com.silver.bars.order.OrderDataStoreTest [main] ValidateExpectedSELLSortOrder:[Order:1.5 kg for 10 //order c, Order:2.4 kg for 50 //orderd + ordere, Order:1.1 kg for 100 //order a, Order:1.9 kg for 1000 //order b]
2019-06-20 23:18:13,086 DEBUG com.silver.bars.order.OrderDataStoreTest [main] ValidateExpecteSELLCountRetrieve: [Order:5.5 kg for 306 //ordera + orderd, Order:1.5 kg for 307 //order c, Order:1.2 kg for 310 //order b]
2019-06-20 23:18:13,087 DEBUG com.silver.bars.order.OrderDataStoreTest [main] ValidateExpectedBUYCountRetrieve:[Order:2.7 kg for 310 //orderb + orderc, Order:2.0 kg for 308 //order d, Order:3.5 kg for 306 //order a]
2019-06-20 23:18:13,209 INFO org.springframework.scheduling.concurrent.ThreadPoolTaskExecutor [Thread-3] Shutting down ExecutorService 'applicationTaskExecutor'
2019-06-20 23:22:34,252 INFO com.silver.bars.order.OrderApplication [restartedMain] Starting OrderApplication on DESKTOP-G2J4167 with PID 8488 (C:\eclipse-workspace\yordex_test\order\target\classes started by Mohit Goel in C:\eclipse-workspace\yordex_test\order)
2019-06-20 23:22:34,256 DEBUG com.silver.bars.order.OrderApplication [restartedMain] Running with Spring Boot v2.1.5.RELEASE, Spring v5.1.7.RELEASE
2019-06-20 23:22:34,257 INFO com.silver.bars.order.OrderApplication [restartedMain] No active profile set, falling back to default profiles: default
2019-06-20 23:22:34,374 INFO org.springframework.boot.devtools.env.DevToolsPropertyDefaultsPostProcessor [restartedMain] Devtools property defaults active! Set 'spring.devtools.add-properties' to 'false' to disable
2019-06-20 23:22:34,375 INFO org.springframework.boot.devtools.env.DevToolsPropertyDefaultsPostProcessor [restartedMain] For additional web related logging consider setting the 'logging.level.web' property to 'DEBUG'
2019-06-20 23:22:38,503 INFO org.springframework.boot.web.embedded.tomcat.TomcatWebServer [restartedMain] Tomcat initialized with port(s): 8083 (http)
2019-06-20 23:22:38,908 INFO org.springframework.web.context.ContextLoader [restartedMain] Root WebApplicationContext: initialization completed in 4533 ms
2019-06-20 23:22:40,489 INFO org.springframework.scheduling.concurrent.ThreadPoolTaskExecutor [restartedMain] Initializing ExecutorService 'applicationTaskExecutor'
2019-06-20 23:22:40,565 INFO org.springframework.boot.devtools.autoconfigure.OptionalLiveReloadServer [restartedMain] LiveReload server is running on port 35729
2019-06-20 23:22:41,493 INFO org.springframework.boot.web.embedded.tomcat.TomcatWebServer [restartedMain] Tomcat started on port(s): 8083 (http) with context path ''
2019-06-20 23:22:41,500 INFO com.silver.bars.order.OrderApplication [restartedMain] Started OrderApplication in 8.065 seconds (JVM running for 8.878)
2019-06-20 23:23:06,953 INFO org.springframework.web.servlet.DispatcherServlet [http-nio-8083-exec-1] Initializing Servlet 'dispatcherServlet'
2019-06-20 23:23:06,984 INFO org.springframework.web.servlet.DispatcherServlet [http-nio-8083-exec-1] Completed initialization in 31 ms
2019-06-20 23:23:07,085 INFO com.silver.bars.aspect.LogModule$$EnhancerBySpringCGLIB$$be09d546 [http-nio-8083-exec-1] Logging:::: Intercepted Before execution(BaseResponseBean com.silver.bars.controller.OrderCancelController.cancelOrder(String))
2019-06-20 23:23:07,106 INFO com.silver.bars.aspect.LogModule$$EnhancerBySpringCGLIB$$be09d546 [http-nio-8083-exec-1] Logging:::: Intercepted After execution(BaseResponseBean com.silver.bars.controller.OrderCancelController.cancelOrder(String))
2019-06-20 23:23:07,111 DEBUG com.silver.bars.order.CustomizedResponseEntityExceptionHandler [http-nio-8083-exec-1] Application Encountered Error---------------------
2019-06-20 23:23:07,186 WARN org.springframework.web.servlet.mvc.method.annotation.ExceptionHandlerExceptionResolver [http-nio-8083-exec-1] Resolved [com.silver.bars.order.CustomException: Order Cancelled Failed]
